2017-12-28 09:54:12.347 [main] DEBUG net.tanpeng.tanpen.config.listener.ApplicationEventListener - 初始化环境变量
2017-12-28 09:54:12.547 [main] INFO  net.tanpeng.tanpen.Application - Starting Application on localhost with PID 875 (/Users/enterprising/IdeaProjects/tanpen/target/classes started by enterprising in /Users/enterprising/IdeaProjects/tanpen)
2017-12-28 09:54:12.548 [main] DEBUG net.tanpeng.tanpen.Application - Running with Spring Boot v1.4.2.RELEASE, Spring v4.3.4.RELEASE
2017-12-28 09:54:12.549 [main] INFO  net.tanpeng.tanpen.Application - No active profile set, falling back to default profiles: default
2017-12-28 09:54:12.740 [main] DEBUG net.tanpeng.tanpen.config.listener.ApplicationEventListener - 初始化环境变量完成
2017-12-28 09:54:12.875 [background-preinit] DEBUG org.jboss.logging - Logging Provider: org.jboss.logging.Slf4jLoggerProvider found via system property
2017-12-28 09:54:15.137 [main] INFO  org.apache.catalina.core.StandardService - Starting service Tomcat
2017-12-28 09:54:15.138 [main] INFO  org.apache.catalina.core.StandardEngine - Starting Servlet Engine: Apache Tomcat/8.5.6
2017-12-28 09:54:15.232 [localhost-startStop-1] INFO  org.apache.catalina.core.ContainerBase.[Tomcat].[localhost].[/] - Initializing Spring embedded WebApplicationContext
2017-12-28 09:54:15.948 [main] INFO  com.alibaba.druid.pool.DruidDataSource - {dataSource-1} inited
2017-12-28 09:54:18.752 [main] DEBUG net.tanpeng.tanpen.config.listener.ApplicationEventListener - 应用刷新
2017-12-28 09:54:18.763 [main] INFO  org.apache.coyote.http11.Http11NioProtocol - Initializing ProtocolHandler ["http-nio-8082"]
2017-12-28 09:54:18.771 [main] INFO  org.apache.coyote.http11.Http11NioProtocol - Starting ProtocolHandler [http-nio-8082]
2017-12-28 09:54:18.790 [main] INFO  org.apache.tomcat.util.net.NioSelectorPool - Using a shared selector for servlet write/read
2017-12-28 09:54:18.826 [main] DEBUG net.tanpeng.tanpen.config.listener.ApplicationEventListener - 应用已启动完成
2017-12-28 09:54:18.828 [main] INFO  net.tanpeng.tanpen.Application - Started Application in 7.26 seconds (JVM running for 9.51)
2017-12-28 09:54:18.828 [main] DEBUG net.tanpeng.tanpen.Application - start success
2017-12-28 09:54:25.790 [http-nio-8082-exec-1] INFO  org.apache.catalina.core.ContainerBase.[Tomcat].[localhost].[/] - Initializing Spring FrameworkServlet 'dispatcherServlet'
2017-12-28 09:54:26.219 [http-nio-8082-exec-1] DEBUG org.hibernate.SQL - select link0_.id as id1_3_, link0_.create_time as create_t2_3_, link0_.description as descript3_3_, link0_.name as name4_3_, link0_.update_time as update_t5_3_, link0_.url as url6_3_ from link link0_
2017-12-28 09:54:26.262 [http-nio-8082-exec-1] DEBUG org.hibernate.SQL - select honour0_.id as id1_1_, honour0_.create_time as create_t2_1_, honour0_.description as descript3_1_, honour0_.name as name4_1_, honour0_.update_time as update_t5_1_ from honour honour0_
2017-12-28 09:54:26.271 [http-nio-8082-exec-1] DEBUG org.hibernate.SQL - select skill0_.id as id1_5_, skill0_.create_time as create_t2_5_, skill0_.description as descript3_5_, skill0_.name as name4_5_, skill0_.update_time as update_t5_5_ from skill skill0_
2017-12-28 09:54:26.281 [http-nio-8082-exec-1] DEBUG org.hibernate.SQL - select experience0_.id as id1_0_, experience0_.create_time as create_t2_0_, experience0_.description as descript3_0_, experience0_.name as name4_0_, experience0_.update_time as update_t5_0_ from experience experience0_
2017-12-28 09:54:26.290 [http-nio-8082-exec-1] DEBUG org.hibernate.SQL - select interest0_.id as id1_2_, interest0_.create_time as create_t2_2_, interest0_.description as descript3_2_, interest0_.name as name4_2_, interest0_.update_time as update_t5_2_ from interest interest0_
2017-12-28 09:56:31.247 [Thread-18] DEBUG net.tanpeng.tanpen.config.listener.ApplicationEventListener - 应用关闭
2017-12-28 09:56:31.257 [Thread-18] INFO  com.alibaba.druid.pool.DruidDataSource - {dataSource-1} closed
2017-12-28 09:56:35.813 [main] DEBUG net.tanpeng.tanpen.config.listener.ApplicationEventListener - 初始化环境变量
2017-12-28 09:56:35.973 [main] INFO  net.tanpeng.tanpen.Application - Starting Application on localhost with PID 1023 (/Users/enterprising/IdeaProjects/tanpen/target/classes started by enterprising in /Users/enterprising/IdeaProjects/tanpen)
2017-12-28 09:56:35.973 [main] DEBUG net.tanpeng.tanpen.Application - Running with Spring Boot v1.4.2.RELEASE, Spring v4.3.4.RELEASE
2017-12-28 09:56:35.974 [main] INFO  net.tanpeng.tanpen.Application - No active profile set, falling back to default profiles: default
2017-12-28 09:56:36.106 [main] DEBUG net.tanpeng.tanpen.config.listener.ApplicationEventListener - 初始化环境变量完成
2017-12-28 09:56:36.158 [background-preinit] DEBUG org.jboss.logging - Logging Provider: org.jboss.logging.Slf4jLoggerProvider found via system property
2017-12-28 09:56:39.064 [main] INFO  org.apache.catalina.core.StandardService - Starting service Tomcat
2017-12-28 09:56:39.065 [main] INFO  org.apache.catalina.core.StandardEngine - Starting Servlet Engine: Apache Tomcat/8.5.6
2017-12-28 09:56:39.123 [localhost-startStop-1] INFO  org.apache.catalina.core.ContainerBase.[Tomcat].[localhost].[/] - Initializing Spring embedded WebApplicationContext
2017-12-28 09:56:39.988 [main] INFO  com.alibaba.druid.pool.DruidDataSource - {dataSource-1} inited
2017-12-28 09:56:43.231 [main] DEBUG net.tanpeng.tanpen.config.listener.ApplicationEventListener - 应用刷新
2017-12-28 09:56:43.256 [main] INFO  org.apache.coyote.http11.Http11NioProtocol - Initializing ProtocolHandler ["http-nio-8082"]
2017-12-28 09:56:43.279 [main] INFO  org.apache.coyote.http11.Http11NioProtocol - Starting ProtocolHandler [http-nio-8082]
2017-12-28 09:56:43.396 [main] INFO  org.apache.tomcat.util.net.NioSelectorPool - Using a shared selector for servlet write/read
2017-12-28 09:56:43.514 [main] DEBUG net.tanpeng.tanpen.config.listener.ApplicationEventListener - 应用已启动完成
2017-12-28 09:56:43.522 [main] INFO  net.tanpeng.tanpen.Application - Started Application in 7.958 seconds (JVM running for 9.464)
2017-12-28 09:56:43.523 [main] DEBUG net.tanpeng.tanpen.Application - start success
2017-12-28 09:56:47.281 [http-nio-8082-exec-1] INFO  org.apache.catalina.core.ContainerBase.[Tomcat].[localhost].[/] - Initializing Spring FrameworkServlet 'dispatcherServlet'
2017-12-28 09:56:55.257 [http-nio-8082-exec-6] DEBUG org.hibernate.SQL - insert into message (create_time, mesage_mail, message_content, message_name, message_title, update_time) values (?, ?, ?, ?, ?, ?)
2017-12-28 09:57:39.090 [Thread-18] DEBUG net.tanpeng.tanpen.config.listener.ApplicationEventListener - 应用关闭
2017-12-28 09:57:39.102 [Thread-18] INFO  com.alibaba.druid.pool.DruidDataSource - {dataSource-1} closed
2017-12-28 09:57:43.766 [main] DEBUG net.tanpeng.tanpen.config.listener.ApplicationEventListener - 初始化环境变量
2017-12-28 09:57:43.886 [main] INFO  net.tanpeng.tanpen.Application - Starting Application on localhost with PID 1093 (/Users/enterprising/IdeaProjects/tanpen/target/classes started by enterprising in /Users/enterprising/IdeaProjects/tanpen)
2017-12-28 09:57:43.887 [main] DEBUG net.tanpeng.tanpen.Application - Running with Spring Boot v1.4.2.RELEASE, Spring v4.3.4.RELEASE
2017-12-28 09:57:43.888 [main] INFO  net.tanpeng.tanpen.Application - No active profile set, falling back to default profiles: default
2017-12-28 09:57:44.050 [main] DEBUG net.tanpeng.tanpen.config.listener.ApplicationEventListener - 初始化环境变量完成
2017-12-28 09:57:44.096 [background-preinit] DEBUG org.jboss.logging - Logging Provider: org.jboss.logging.Slf4jLoggerProvider found via system property
2017-12-28 09:57:46.904 [main] INFO  org.apache.catalina.core.StandardService - Starting service Tomcat
2017-12-28 09:57:46.905 [main] INFO  org.apache.catalina.core.StandardEngine - Starting Servlet Engine: Apache Tomcat/8.5.6
2017-12-28 09:57:46.981 [localhost-startStop-1] INFO  org.apache.catalina.core.ContainerBase.[Tomcat].[localhost].[/] - Initializing Spring embedded WebApplicationContext
2017-12-28 09:57:47.511 [main] INFO  com.alibaba.druid.pool.DruidDataSource - {dataSource-1} inited
2017-12-28 09:57:49.474 [main] DEBUG net.tanpeng.tanpen.config.listener.ApplicationEventListener - 应用刷新
2017-12-28 09:57:49.495 [main] INFO  org.apache.coyote.http11.Http11NioProtocol - Initializing ProtocolHandler ["http-nio-8082"]
2017-12-28 09:57:49.510 [main] INFO  org.apache.coyote.http11.Http11NioProtocol - Starting ProtocolHandler [http-nio-8082]
2017-12-28 09:57:49.533 [main] INFO  org.apache.tomcat.util.net.NioSelectorPool - Using a shared selector for servlet write/read
2017-12-28 09:57:49.577 [main] DEBUG net.tanpeng.tanpen.config.listener.ApplicationEventListener - 应用已启动完成
2017-12-28 09:57:49.579 [main] INFO  net.tanpeng.tanpen.Application - Started Application in 6.303 seconds (JVM running for 8.396)
2017-12-28 09:57:49.579 [main] DEBUG net.tanpeng.tanpen.Application - start success
2017-12-28 09:58:11.929 [http-nio-8082-exec-1] INFO  org.apache.catalina.core.ContainerBase.[Tomcat].[localhost].[/] - Initializing Spring FrameworkServlet 'dispatcherServlet'
2017-12-28 09:58:12.076 [http-nio-8082-exec-1] DEBUG org.hibernate.SQL - select link0_.id as id1_3_, link0_.create_time as create_t2_3_, link0_.description as descript3_3_, link0_.name as name4_3_, link0_.update_time as update_t5_3_, link0_.url as url6_3_ from link link0_
2017-12-28 09:58:12.121 [http-nio-8082-exec-1] DEBUG org.hibernate.SQL - select honour0_.id as id1_1_, honour0_.create_time as create_t2_1_, honour0_.description as descript3_1_, honour0_.name as name4_1_, honour0_.update_time as update_t5_1_ from honour honour0_
2017-12-28 09:58:12.132 [http-nio-8082-exec-1] DEBUG org.hibernate.SQL - select skill0_.id as id1_5_, skill0_.create_time as create_t2_5_, skill0_.description as descript3_5_, skill0_.name as name4_5_, skill0_.update_time as update_t5_5_ from skill skill0_
2017-12-28 09:58:12.145 [http-nio-8082-exec-1] DEBUG org.hibernate.SQL - select experience0_.id as id1_0_, experience0_.create_time as create_t2_0_, experience0_.description as descript3_0_, experience0_.name as name4_0_, experience0_.update_time as update_t5_0_ from experience experience0_
2017-12-28 09:58:12.157 [http-nio-8082-exec-1] DEBUG org.hibernate.SQL - select interest0_.id as id1_2_, interest0_.create_time as create_t2_2_, interest0_.description as descript3_2_, interest0_.name as name4_2_, interest0_.update_time as update_t5_2_ from interest interest0_
2017-12-28 09:58:20.444 [http-nio-8082-exec-6] DEBUG org.hibernate.SQL - insert into message (create_time, mesage_mail, message_content, message_name, message_title, update_time) values (?, ?, ?, ?, ?, ?)
2017-12-28 09:58:42.406 [Thread-16] DEBUG net.tanpeng.tanpen.config.listener.ApplicationEventListener - 应用关闭
2017-12-28 09:58:42.417 [Thread-16] INFO  com.alibaba.druid.pool.DruidDataSource - {dataSource-1} closed
2017-12-28 09:58:45.932 [main] DEBUG net.tanpeng.tanpen.config.listener.ApplicationEventListener - 初始化环境变量
2017-12-28 09:58:46.290 [main] INFO  net.tanpeng.tanpen.Application - Starting Application on localhost with PID 1149 (/Users/enterprising/IdeaProjects/tanpen/target/classes started by enterprising in /Users/enterprising/IdeaProjects/tanpen)
2017-12-28 09:58:46.291 [main] DEBUG net.tanpeng.tanpen.Application - Running with Spring Boot v1.4.2.RELEASE, Spring v4.3.4.RELEASE
2017-12-28 09:58:46.291 [main] INFO  net.tanpeng.tanpen.Application - No active profile set, falling back to default profiles: default
2017-12-28 09:58:46.417 [main] DEBUG net.tanpeng.tanpen.config.listener.ApplicationEventListener - 初始化环境变量完成
2017-12-28 09:58:46.420 [background-preinit] DEBUG org.jboss.logging - Logging Provider: org.jboss.logging.Slf4jLoggerProvider found via system property
2017-12-28 09:58:48.820 [main] INFO  org.apache.catalina.core.StandardService - Starting service Tomcat
2017-12-28 09:58:48.821 [main] INFO  org.apache.catalina.core.StandardEngine - Starting Servlet Engine: Apache Tomcat/8.5.6
2017-12-28 09:58:48.890 [localhost-startStop-1] INFO  org.apache.catalina.core.ContainerBase.[Tomcat].[localhost].[/] - Initializing Spring embedded WebApplicationContext
2017-12-28 09:58:49.541 [main] INFO  com.alibaba.druid.pool.DruidDataSource - {dataSource-1} inited
2017-12-28 09:58:51.812 [main] DEBUG net.tanpeng.tanpen.config.listener.ApplicationEventListener - 应用刷新
2017-12-28 09:58:51.821 [main] INFO  org.apache.coyote.http11.Http11NioProtocol - Initializing ProtocolHandler ["http-nio-8082"]
2017-12-28 09:58:51.829 [main] INFO  org.apache.coyote.http11.Http11NioProtocol - Starting ProtocolHandler [http-nio-8082]
2017-12-28 09:58:51.846 [main] INFO  org.apache.tomcat.util.net.NioSelectorPool - Using a shared selector for servlet write/read
2017-12-28 09:58:51.879 [main] DEBUG net.tanpeng.tanpen.config.listener.ApplicationEventListener - 应用已启动完成
2017-12-28 09:58:51.881 [main] INFO  net.tanpeng.tanpen.Application - Started Application in 6.245 seconds (JVM running for 7.761)
2017-12-28 09:58:51.881 [main] DEBUG net.tanpeng.tanpen.Application - start success
2017-12-28 09:58:57.204 [http-nio-8082-exec-1] INFO  org.apache.catalina.core.ContainerBase.[Tomcat].[localhost].[/] - Initializing Spring FrameworkServlet 'dispatcherServlet'
2017-12-28 09:59:03.083 [http-nio-8082-exec-6] DEBUG org.hibernate.SQL - insert into message (create_time, mesage_mail, message_content, message_name, message_title, update_time) values (?, ?, ?, ?, ?, ?)
2017-12-28 10:04:16.908 [Thread-15] DEBUG net.tanpeng.tanpen.config.listener.ApplicationEventListener - 应用关闭
2017-12-28 10:04:16.930 [Thread-15] INFO  com.alibaba.druid.pool.DruidDataSource - {dataSource-1} closed
2017-12-28 10:04:21.727 [main] DEBUG net.tanpeng.tanpen.config.listener.ApplicationEventListener - 初始化环境变量
2017-12-28 10:04:21.899 [main] INFO  net.tanpeng.tanpen.Application - Starting Application on localhost with PID 1450 (/Users/enterprising/IdeaProjects/tanpen/target/classes started by enterprising in /Users/enterprising/IdeaProjects/tanpen)
2017-12-28 10:04:21.902 [main] DEBUG net.tanpeng.tanpen.Application - Running with Spring Boot v1.4.2.RELEASE, Spring v4.3.4.RELEASE
2017-12-28 10:04:21.902 [main] INFO  net.tanpeng.tanpen.Application - No active profile set, falling back to default profiles: default
2017-12-28 10:04:22.169 [main] DEBUG net.tanpeng.tanpen.config.listener.ApplicationEventListener - 初始化环境变量完成
2017-12-28 10:04:22.203 [background-preinit] DEBUG org.jboss.logging - Logging Provider: org.jboss.logging.Slf4jLoggerProvider found via system property
2017-12-28 10:04:25.375 [main] INFO  org.apache.catalina.core.StandardService - Starting service Tomcat
2017-12-28 10:04:25.376 [main] INFO  org.apache.catalina.core.StandardEngine - Starting Servlet Engine: Apache Tomcat/8.5.6
2017-12-28 10:04:25.451 [localhost-startStop-1] INFO  org.apache.catalina.core.ContainerBase.[Tomcat].[localhost].[/] - Initializing Spring embedded WebApplicationContext
2017-12-28 10:04:25.962 [main] INFO  com.alibaba.druid.pool.DruidDataSource - {dataSource-1} inited
2017-12-28 10:04:28.027 [main] DEBUG net.tanpeng.tanpen.config.listener.ApplicationEventListener - 应用刷新
2017-12-28 10:04:28.035 [main] INFO  org.apache.coyote.http11.Http11NioProtocol - Initializing ProtocolHandler ["http-nio-8082"]
2017-12-28 10:04:28.043 [main] INFO  org.apache.coyote.http11.Http11NioProtocol - Starting ProtocolHandler [http-nio-8082]
2017-12-28 10:04:28.060 [main] INFO  org.apache.tomcat.util.net.NioSelectorPool - Using a shared selector for servlet write/read
2017-12-28 10:04:28.078 [main] DEBUG net.tanpeng.tanpen.config.listener.ApplicationEventListener - 应用已启动完成
2017-12-28 10:04:28.080 [main] INFO  net.tanpeng.tanpen.Application - Started Application in 6.719 seconds (JVM running for 8.722)
2017-12-28 10:04:28.081 [main] DEBUG net.tanpeng.tanpen.Application - start success
2017-12-28 10:04:31.641 [http-nio-8082-exec-1] INFO  org.apache.catalina.core.ContainerBase.[Tomcat].[localhost].[/] - Initializing Spring FrameworkServlet 'dispatcherServlet'
2017-12-28 10:04:37.595 [http-nio-8082-exec-6] DEBUG org.hibernate.SQL - insert into message (create_time, mesage_mail, message_content, message_name, message_title, update_time) values (?, ?, ?, ?, ?, ?)
