2017-12-27 00:01:45.381 [Thread-12] DEBUG net.tanpeng.tanpen.config.listener.ApplicationEventListener - 应用关闭
2017-12-27 00:01:45.398 [Thread-12] INFO  com.alibaba.druid.pool.DruidDataSource - {dataSource-1} closed
2017-12-27 00:01:48.380 [main] DEBUG net.tanpeng.tanpen.config.listener.ApplicationEventListener - 初始化环境变量
2017-12-27 00:01:48.634 [main] INFO  net.tanpeng.tanpen.Application - Starting Application on localhost with PID 30617 (/Users/enterprising/IdeaProjects/tanpen/target/classes started by enterprising in /Users/enterprising/IdeaProjects/tanpen)
2017-12-27 00:01:48.635 [main] DEBUG net.tanpeng.tanpen.Application - Running with Spring Boot v1.4.2.RELEASE, Spring v4.3.4.RELEASE
2017-12-27 00:01:48.635 [main] INFO  net.tanpeng.tanpen.Application - No active profile set, falling back to default profiles: default
2017-12-27 00:01:48.717 [background-preinit] DEBUG org.jboss.logging - Logging Provider: org.jboss.logging.Slf4jLoggerProvider found via system property
2017-12-27 00:01:48.740 [main] DEBUG net.tanpeng.tanpen.config.listener.ApplicationEventListener - 初始化环境变量完成
2017-12-27 00:01:50.569 [main] INFO  org.apache.catalina.core.StandardService - Starting service Tomcat
2017-12-27 00:01:50.569 [main] INFO  org.apache.catalina.core.StandardEngine - Starting Servlet Engine: Apache Tomcat/8.5.6
2017-12-27 00:01:50.637 [localhost-startStop-1] INFO  org.apache.catalina.core.ContainerBase.[Tomcat].[localhost].[/] - Initializing Spring embedded WebApplicationContext
2017-12-27 00:01:51.099 [main] INFO  com.alibaba.druid.pool.DruidDataSource - {dataSource-1} inited
2017-12-27 00:01:52.527 [main] DEBUG net.tanpeng.tanpen.config.listener.ApplicationEventListener - 应用刷新
2017-12-27 00:01:52.535 [main] INFO  org.apache.coyote.http11.Http11NioProtocol - Initializing ProtocolHandler ["http-nio-8080"]
2017-12-27 00:01:52.546 [main] INFO  org.apache.coyote.http11.Http11NioProtocol - Starting ProtocolHandler [http-nio-8080]
2017-12-27 00:01:52.571 [main] INFO  org.apache.tomcat.util.net.NioSelectorPool - Using a shared selector for servlet write/read
2017-12-27 00:01:52.589 [main] DEBUG net.tanpeng.tanpen.config.listener.ApplicationEventListener - 应用已启动完成
2017-12-27 00:01:52.590 [main] INFO  net.tanpeng.tanpen.Application - Started Application in 4.491 seconds (JVM running for 5.481)
2017-12-27 00:01:52.590 [main] DEBUG net.tanpeng.tanpen.Application - start success
2017-12-27 00:02:44.314 [Thread-11] DEBUG net.tanpeng.tanpen.config.listener.ApplicationEventListener - 应用关闭
2017-12-27 00:02:44.325 [Thread-11] INFO  com.alibaba.druid.pool.DruidDataSource - {dataSource-1} closed
2017-12-27 00:02:47.982 [main] DEBUG net.tanpeng.tanpen.config.listener.ApplicationEventListener - 初始化环境变量
2017-12-27 00:02:48.097 [main] INFO  net.tanpeng.tanpen.Application - Starting Application on localhost with PID 30668 (/Users/enterprising/IdeaProjects/tanpen/target/classes started by enterprising in /Users/enterprising/IdeaProjects/tanpen)
2017-12-27 00:02:48.098 [main] DEBUG net.tanpeng.tanpen.Application - Running with Spring Boot v1.4.2.RELEASE, Spring v4.3.4.RELEASE
2017-12-27 00:02:48.098 [main] INFO  net.tanpeng.tanpen.Application - No active profile set, falling back to default profiles: default
2017-12-27 00:02:48.160 [main] DEBUG net.tanpeng.tanpen.config.listener.ApplicationEventListener - 初始化环境变量完成
2017-12-27 00:02:48.358 [background-preinit] DEBUG org.jboss.logging - Logging Provider: org.jboss.logging.Slf4jLoggerProvider found via system property
2017-12-27 00:02:50.212 [main] INFO  org.apache.catalina.core.StandardService - Starting service Tomcat
2017-12-27 00:02:50.213 [main] INFO  org.apache.catalina.core.StandardEngine - Starting Servlet Engine: Apache Tomcat/8.5.6
2017-12-27 00:02:50.285 [localhost-startStop-1] INFO  org.apache.catalina.core.ContainerBase.[Tomcat].[localhost].[/] - Initializing Spring embedded WebApplicationContext
2017-12-27 00:02:50.763 [main] INFO  com.alibaba.druid.pool.DruidDataSource - {dataSource-1} inited
2017-12-27 00:02:52.243 [main] DEBUG net.tanpeng.tanpen.config.listener.ApplicationEventListener - 应用刷新
2017-12-27 00:02:52.256 [main] INFO  org.apache.coyote.http11.Http11NioProtocol - Initializing ProtocolHandler ["http-nio-8080"]
2017-12-27 00:02:52.266 [main] INFO  org.apache.coyote.http11.Http11NioProtocol - Starting ProtocolHandler [http-nio-8080]
2017-12-27 00:02:52.283 [main] INFO  org.apache.tomcat.util.net.NioSelectorPool - Using a shared selector for servlet write/read
2017-12-27 00:02:52.297 [main] DEBUG net.tanpeng.tanpen.config.listener.ApplicationEventListener - 应用已启动完成
2017-12-27 00:02:52.298 [main] INFO  net.tanpeng.tanpen.Application - Started Application in 4.577 seconds (JVM running for 5.658)
2017-12-27 00:02:52.298 [main] DEBUG net.tanpeng.tanpen.Application - start success
2017-12-27 00:03:31.818 [Thread-11] DEBUG net.tanpeng.tanpen.config.listener.ApplicationEventListener - 应用关闭
2017-12-27 00:03:31.827 [Thread-11] INFO  com.alibaba.druid.pool.DruidDataSource - {dataSource-1} closed
2017-12-27 00:03:36.071 [main] DEBUG net.tanpeng.tanpen.config.listener.ApplicationEventListener - 初始化环境变量
2017-12-27 00:03:36.288 [main] INFO  net.tanpeng.tanpen.Application - Starting Application on localhost with PID 30707 (/Users/enterprising/IdeaProjects/tanpen/target/classes started by enterprising in /Users/enterprising/IdeaProjects/tanpen)
2017-12-27 00:03:36.289 [main] DEBUG net.tanpeng.tanpen.Application - Running with Spring Boot v1.4.2.RELEASE, Spring v4.3.4.RELEASE
2017-12-27 00:03:36.289 [main] INFO  net.tanpeng.tanpen.Application - No active profile set, falling back to default profiles: default
2017-12-27 00:03:36.352 [background-preinit] DEBUG org.jboss.logging - Logging Provider: org.jboss.logging.Slf4jLoggerProvider found via system property
2017-12-27 00:03:36.370 [main] DEBUG net.tanpeng.tanpen.config.listener.ApplicationEventListener - 初始化环境变量完成
2017-12-27 00:03:38.772 [main] INFO  org.apache.catalina.core.StandardService - Starting service Tomcat
2017-12-27 00:03:38.773 [main] INFO  org.apache.catalina.core.StandardEngine - Starting Servlet Engine: Apache Tomcat/8.5.6
2017-12-27 00:03:38.854 [localhost-startStop-1] INFO  org.apache.catalina.core.ContainerBase.[Tomcat].[localhost].[/] - Initializing Spring embedded WebApplicationContext
2017-12-27 00:03:39.485 [main] INFO  com.alibaba.druid.pool.DruidDataSource - {dataSource-1} inited
2017-12-27 00:03:41.482 [main] DEBUG net.tanpeng.tanpen.config.listener.ApplicationEventListener - 应用刷新
2017-12-27 00:03:41.499 [main] INFO  org.apache.coyote.http11.Http11NioProtocol - Initializing ProtocolHandler ["http-nio-8080"]
2017-12-27 00:03:41.513 [main] INFO  org.apache.coyote.http11.Http11NioProtocol - Starting ProtocolHandler [http-nio-8080]
2017-12-27 00:03:41.538 [main] INFO  org.apache.tomcat.util.net.NioSelectorPool - Using a shared selector for servlet write/read
2017-12-27 00:03:41.587 [main] DEBUG net.tanpeng.tanpen.config.listener.ApplicationEventListener - 应用已启动完成
2017-12-27 00:03:41.594 [main] INFO  net.tanpeng.tanpen.Application - Started Application in 5.938 seconds (JVM running for 7.421)
2017-12-27 00:03:41.595 [main] DEBUG net.tanpeng.tanpen.Application - start success
2017-12-27 00:04:05.977 [Thread-15] DEBUG net.tanpeng.tanpen.config.listener.ApplicationEventListener - 应用关闭
2017-12-27 00:04:05.987 [Thread-15] INFO  com.alibaba.druid.pool.DruidDataSource - {dataSource-1} closed
2017-12-27 00:04:10.112 [main] DEBUG net.tanpeng.tanpen.config.listener.ApplicationEventListener - 初始化环境变量
2017-12-27 00:04:10.229 [main] INFO  net.tanpeng.tanpen.Application - Starting Application on localhost with PID 30738 (/Users/enterprising/IdeaProjects/tanpen/target/classes started by enterprising in /Users/enterprising/IdeaProjects/tanpen)
2017-12-27 00:04:10.230 [main] DEBUG net.tanpeng.tanpen.Application - Running with Spring Boot v1.4.2.RELEASE, Spring v4.3.4.RELEASE
2017-12-27 00:04:10.230 [main] INFO  net.tanpeng.tanpen.Application - No active profile set, falling back to default profiles: default
2017-12-27 00:04:10.332 [main] DEBUG net.tanpeng.tanpen.config.listener.ApplicationEventListener - 初始化环境变量完成
2017-12-27 00:04:10.510 [background-preinit] DEBUG org.jboss.logging - Logging Provider: org.jboss.logging.Slf4jLoggerProvider found via system property
2017-12-27 00:04:12.620 [main] INFO  org.apache.catalina.core.StandardService - Starting service Tomcat
2017-12-27 00:04:12.621 [main] INFO  org.apache.catalina.core.StandardEngine - Starting Servlet Engine: Apache Tomcat/8.5.6
2017-12-27 00:04:12.686 [localhost-startStop-1] INFO  org.apache.catalina.core.ContainerBase.[Tomcat].[localhost].[/] - Initializing Spring embedded WebApplicationContext
2017-12-27 00:04:13.152 [main] INFO  com.alibaba.druid.pool.DruidDataSource - {dataSource-1} inited
2017-12-27 00:04:13.857 [main] DEBUG org.hibernate.SQL - drop table if exists link
2017-12-27 00:04:13.866 [main] DEBUG org.hibernate.SQL - create table link (id integer not null auto_increment, create_time datetime, description varchar(255), name varchar(255), update_time datetime, url varchar(255), primary key (id))
2017-12-27 00:04:14.606 [main] DEBUG net.tanpeng.tanpen.config.listener.ApplicationEventListener - 应用刷新
2017-12-27 00:04:14.614 [main] INFO  org.apache.coyote.http11.Http11NioProtocol - Initializing ProtocolHandler ["http-nio-8080"]
2017-12-27 00:04:14.622 [main] INFO  org.apache.coyote.http11.Http11NioProtocol - Starting ProtocolHandler [http-nio-8080]
2017-12-27 00:04:14.640 [main] INFO  org.apache.tomcat.util.net.NioSelectorPool - Using a shared selector for servlet write/read
2017-12-27 00:04:14.655 [main] DEBUG net.tanpeng.tanpen.config.listener.ApplicationEventListener - 应用已启动完成
2017-12-27 00:04:14.656 [main] INFO  net.tanpeng.tanpen.Application - Started Application in 4.765 seconds (JVM running for 5.905)
2017-12-27 00:04:14.656 [main] DEBUG net.tanpeng.tanpen.Application - start success
2017-12-27 00:25:32.724 [http-nio-8080-exec-1] INFO  org.apache.catalina.core.ContainerBase.[Tomcat].[localhost].[/] - Initializing Spring FrameworkServlet 'dispatcherServlet'
2017-12-27 00:27:12.630 [Thread-12] DEBUG net.tanpeng.tanpen.config.listener.ApplicationEventListener - 应用关闭
2017-12-27 00:27:12.643 [Thread-12] INFO  com.alibaba.druid.pool.DruidDataSource - {dataSource-1} closed
2017-12-27 00:27:18.283 [main] DEBUG net.tanpeng.tanpen.config.listener.ApplicationEventListener - 初始化环境变量
2017-12-27 00:27:18.511 [main] INFO  net.tanpeng.tanpen.Application - Starting Application on localhost with PID 31768 (/Users/enterprising/IdeaProjects/tanpen/target/classes started by enterprising in /Users/enterprising/IdeaProjects/tanpen)
2017-12-27 00:27:18.513 [main] DEBUG net.tanpeng.tanpen.Application - Running with Spring Boot v1.4.2.RELEASE, Spring v4.3.4.RELEASE
2017-12-27 00:27:18.513 [main] INFO  net.tanpeng.tanpen.Application - No active profile set, falling back to default profiles: default
2017-12-27 00:27:18.576 [main] DEBUG net.tanpeng.tanpen.config.listener.ApplicationEventListener - 初始化环境变量完成
2017-12-27 00:27:18.683 [background-preinit] DEBUG org.jboss.logging - Logging Provider: org.jboss.logging.Slf4jLoggerProvider found via system property
2017-12-27 00:27:20.593 [main] INFO  org.apache.catalina.core.StandardService - Starting service Tomcat
2017-12-27 00:27:20.594 [main] INFO  org.apache.catalina.core.StandardEngine - Starting Servlet Engine: Apache Tomcat/8.5.6
2017-12-27 00:27:20.696 [localhost-startStop-1] INFO  org.apache.catalina.core.ContainerBase.[Tomcat].[localhost].[/] - Initializing Spring embedded WebApplicationContext
2017-12-27 00:27:21.439 [main] INFO  com.alibaba.druid.pool.DruidDataSource - {dataSource-1} inited
2017-12-27 00:27:23.380 [main] DEBUG net.tanpeng.tanpen.config.listener.ApplicationEventListener - 应用刷新
2017-12-27 00:27:23.388 [main] INFO  org.apache.coyote.http11.Http11NioProtocol - Initializing ProtocolHandler ["http-nio-8080"]
2017-12-27 00:27:23.396 [main] INFO  org.apache.coyote.http11.Http11NioProtocol - Starting ProtocolHandler [http-nio-8080]
2017-12-27 00:27:23.413 [main] INFO  org.apache.tomcat.util.net.NioSelectorPool - Using a shared selector for servlet write/read
2017-12-27 00:27:23.428 [main] DEBUG net.tanpeng.tanpen.config.listener.ApplicationEventListener - 应用已启动完成
2017-12-27 00:27:23.429 [main] INFO  net.tanpeng.tanpen.Application - Started Application in 5.818 seconds (JVM running for 7.319)
2017-12-27 00:27:23.429 [main] DEBUG net.tanpeng.tanpen.Application - start success
2017-12-27 00:27:24.245 [http-nio-8080-exec-1] INFO  org.apache.catalina.core.ContainerBase.[Tomcat].[localhost].[/] - Initializing Spring FrameworkServlet 'dispatcherServlet'
2017-12-27 00:36:22.593 [Thread-15] DEBUG net.tanpeng.tanpen.config.listener.ApplicationEventListener - 应用关闭
2017-12-27 00:36:22.600 [Thread-15] INFO  com.alibaba.druid.pool.DruidDataSource - {dataSource-1} closed
2017-12-27 00:46:32.182 [main] DEBUG net.tanpeng.tanpen.config.listener.ApplicationEventListener - 初始化环境变量
2017-12-27 00:46:32.456 [main] INFO  net.tanpeng.tanpen.Application - Starting Application on localhost with PID 32699 (/Users/enterprising/IdeaProjects/tanpen/target/classes started by enterprising in /Users/enterprising/IdeaProjects/tanpen)
2017-12-27 00:46:32.458 [main] DEBUG net.tanpeng.tanpen.Application - Running with Spring Boot v1.4.2.RELEASE, Spring v4.3.4.RELEASE
2017-12-27 00:46:32.459 [main] INFO  net.tanpeng.tanpen.Application - No active profile set, falling back to default profiles: default
2017-12-27 00:46:32.543 [background-preinit] DEBUG org.jboss.logging - Logging Provider: org.jboss.logging.Slf4jLoggerProvider found via system property
2017-12-27 00:46:32.554 [main] DEBUG net.tanpeng.tanpen.config.listener.ApplicationEventListener - 初始化环境变量完成
2017-12-27 00:46:34.705 [main] INFO  org.apache.catalina.core.StandardService - Starting service Tomcat
2017-12-27 00:46:34.706 [main] INFO  org.apache.catalina.core.StandardEngine - Starting Servlet Engine: Apache Tomcat/8.5.6
2017-12-27 00:46:34.827 [localhost-startStop-1] INFO  org.apache.catalina.core.ContainerBase.[Tomcat].[localhost].[/] - Initializing Spring embedded WebApplicationContext
2017-12-27 00:46:35.441 [main] INFO  com.alibaba.druid.pool.DruidDataSource - {dataSource-1} inited
2017-12-27 00:46:38.413 [main] DEBUG net.tanpeng.tanpen.config.listener.ApplicationEventListener - 应用刷新
2017-12-27 00:46:38.423 [main] INFO  org.apache.coyote.http11.Http11NioProtocol - Initializing ProtocolHandler ["http-nio-8080"]
2017-12-27 00:46:38.433 [main] INFO  org.apache.coyote.http11.Http11NioProtocol - Starting ProtocolHandler [http-nio-8080]
2017-12-27 00:46:38.449 [main] INFO  org.apache.tomcat.util.net.NioSelectorPool - Using a shared selector for servlet write/read
2017-12-27 00:46:38.472 [main] DEBUG net.tanpeng.tanpen.config.listener.ApplicationEventListener - 应用已启动完成
2017-12-27 00:46:38.473 [main] INFO  net.tanpeng.tanpen.Application - Started Application in 6.874 seconds (JVM running for 9.491)
2017-12-27 00:46:38.473 [main] DEBUG net.tanpeng.tanpen.Application - start success
2017-12-27 00:46:39.890 [http-nio-8080-exec-1] INFO  org.apache.catalina.core.ContainerBase.[Tomcat].[localhost].[/] - Initializing Spring FrameworkServlet 'dispatcherServlet'
2017-12-27 00:46:39.962 [http-nio-8080-exec-1] ERROR org.apache.catalina.core.ContainerBase.[Tomcat].[localhost].[/].[dispatcherServlet] - Servlet.service() for servlet [dispatcherServlet] in context with path [] threw exception [Request processing failed; nested exception is java.lang.NullPointerException] with root cause
java.lang.NullPointerException: null
	at net.tanpeng.tanpen.service.support.impl.BaseServiceImpl.findAll(BaseServiceImpl.java:28)
	at net.tanpeng.tanpen.service.support.impl.BaseServiceImpl$$FastClassBySpringCGLIB$$e7ca72f4.invoke(<generated>)
	at org.springframework.cglib.proxy.MethodProxy.invoke(MethodProxy.java:204)
	at org.springframework.aop.framework.CglibAopProxy$CglibMethodInvocation.invokeJoinpoint(CglibAopProxy.java:720)
	at org.springframework.aop.framework.ReflectiveMethodInvocation.proceed(ReflectiveMethodInvocation.java:157)
	at org.springframework.transaction.interceptor.TransactionInterceptor$1.proceedWithInvocation(TransactionInterceptor.java:99)
	at org.springframework.transaction.interceptor.TransactionAspectSupport.invokeWithinTransaction(TransactionAspectSupport.java:282)
	at org.springframework.transaction.interceptor.TransactionInterceptor.invoke(TransactionInterceptor.java:96)
	at org.springframework.aop.framework.ReflectiveMethodInvocation.proceed(ReflectiveMethodInvocation.java:179)
	at org.springframework.aop.framework.CglibAopProxy$DynamicAdvisedInterceptor.intercept(CglibAopProxy.java:655)
	at net.tanpeng.tanpen.service.LinkService$$EnhancerBySpringCGLIB$$bd4417e3.findAll(<generated>)
	at net.tanpeng.tanpen.controller.IndexController.index(IndexController.java:29)
	at sun.reflect.NativeMethodAccessorImpl.invoke0(Native Method)
	at sun.reflect.NativeMethodAccessorImpl.invoke(NativeMethodAccessorImpl.java:62)
	at sun.reflect.DelegatingMethodAccessorImpl.invoke(DelegatingMethodAccessorImpl.java:43)
	at java.lang.reflect.Method.invoke(Method.java:498)
	at org.springframework.web.method.support.InvocableHandlerMethod.doInvoke(InvocableHandlerMethod.java:220)
	at org.springframework.web.method.support.InvocableHandlerMethod.invokeForRequest(InvocableHandlerMethod.java:134)
	at org.springframework.web.servlet.mvc.method.annotation.ServletInvocableHandlerMethod.invokeAndHandle(ServletInvocableHandlerMethod.java:116)
	at org.springframework.web.servlet.mvc.method.annotation.RequestMappingHandlerAdapter.invokeHandlerMethod(RequestMappingHandlerAdapter.java:827)
	at org.springframework.web.servlet.mvc.method.annotation.RequestMappingHandlerAdapter.handleInternal(RequestMappingHandlerAdapter.java:738)
	at org.springframework.web.servlet.mvc.method.AbstractHandlerMethodAdapter.handle(AbstractHandlerMethodAdapter.java:85)
	at org.springframework.web.servlet.DispatcherServlet.doDispatch(DispatcherServlet.java:963)
	at org.springframework.web.servlet.DispatcherServlet.doService(DispatcherServlet.java:897)
	at org.springframework.web.servlet.FrameworkServlet.processRequest(FrameworkServlet.java:970)
	at org.springframework.web.servlet.FrameworkServlet.doGet(FrameworkServlet.java:861)
	at javax.servlet.http.HttpServlet.service(HttpServlet.java:622)
	at org.springframework.web.servlet.FrameworkServlet.service(FrameworkServlet.java:846)
	at javax.servlet.http.HttpServlet.service(HttpServlet.java:729)
	at org.apache.catalina.core.ApplicationFilterChain.internalDoFilter(ApplicationFilterChain.java:230)
	at org.apache.catalina.core.ApplicationFilterChain.doFilter(ApplicationFilterChain.java:165)
	at org.apache.tomcat.websocket.server.WsFilter.doFilter(WsFilter.java:52)
	at org.apache.catalina.core.ApplicationFilterChain.internalDoFilter(ApplicationFilterChain.java:192)
	at org.apache.catalina.core.ApplicationFilterChain.doFilter(ApplicationFilterChain.java:165)
	at org.springframework.web.filter.RequestContextFilter.doFilterInternal(RequestContextFilter.java:99)
	at org.springframework.web.filter.OncePerRequestFilter.doFilter(OncePerRequestFilter.java:107)
	at org.apache.catalina.core.ApplicationFilterChain.internalDoFilter(ApplicationFilterChain.java:192)
	at org.apache.catalina.core.ApplicationFilterChain.doFilter(ApplicationFilterChain.java:165)
	at org.springframework.web.filter.HttpPutFormContentFilter.doFilterInternal(HttpPutFormContentFilter.java:89)
	at org.springframework.web.filter.OncePerRequestFilter.doFilter(OncePerRequestFilter.java:107)
	at org.apache.catalina.core.ApplicationFilterChain.internalDoFilter(ApplicationFilterChain.java:192)
	at org.apache.catalina.core.ApplicationFilterChain.doFilter(ApplicationFilterChain.java:165)
	at org.springframework.web.filter.HiddenHttpMethodFilter.doFilterInternal(HiddenHttpMethodFilter.java:77)
	at org.springframework.web.filter.OncePerRequestFilter.doFilter(OncePerRequestFilter.java:107)
	at org.apache.catalina.core.ApplicationFilterChain.internalDoFilter(ApplicationFilterChain.java:192)
	at org.apache.catalina.core.ApplicationFilterChain.doFilter(ApplicationFilterChain.java:165)
	at org.springframework.web.filter.CharacterEncodingFilter.doFilterInternal(CharacterEncodingFilter.java:197)
	at org.springframework.web.filter.OncePerRequestFilter.doFilter(OncePerRequestFilter.java:107)
	at org.apache.catalina.core.ApplicationFilterChain.internalDoFilter(ApplicationFilterChain.java:192)
	at org.apache.catalina.core.ApplicationFilterChain.doFilter(ApplicationFilterChain.java:165)
	at org.apache.catalina.core.StandardWrapperValve.invoke(StandardWrapperValve.java:198)
	at org.apache.catalina.core.StandardContextValve.invoke(StandardContextValve.java:108)
	at org.apache.catalina.authenticator.AuthenticatorBase.invoke(AuthenticatorBase.java:472)
	at org.apache.catalina.core.StandardHostValve.invoke(StandardHostValve.java:140)
	at org.apache.catalina.valves.ErrorReportValve.invoke(ErrorReportValve.java:79)
	at org.apache.catalina.core.StandardEngineValve.invoke(StandardEngineValve.java:87)
	at org.apache.catalina.connector.CoyoteAdapter.service(CoyoteAdapter.java:349)
	at org.apache.coyote.http11.Http11Processor.service(Http11Processor.java:784)
	at org.apache.coyote.AbstractProcessorLight.process(AbstractProcessorLight.java:66)
	at org.apache.coyote.AbstractProtocol$ConnectionHandler.process(AbstractProtocol.java:802)
	at org.apache.tomcat.util.net.NioEndpoint$SocketProcessor.doRun(NioEndpoint.java:1410)
	at org.apache.tomcat.util.net.SocketProcessorBase.run(SocketProcessorBase.java:49)
	at java.util.concurrent.ThreadPoolExecutor.runWorker(ThreadPoolExecutor.java:1142)
	at java.util.concurrent.ThreadPoolExecutor$Worker.run(ThreadPoolExecutor.java:617)
	at org.apache.tomcat.util.threads.TaskThread$WrappingRunnable.run(TaskThread.java:61)
	at java.lang.Thread.run(Thread.java:748)
2017-12-27 00:49:43.779 [Thread-17] DEBUG net.tanpeng.tanpen.config.listener.ApplicationEventListener - 应用关闭
2017-12-27 00:49:43.791 [Thread-17] INFO  com.alibaba.druid.pool.DruidDataSource - {dataSource-1} closed
2017-12-27 00:49:47.363 [main] DEBUG net.tanpeng.tanpen.config.listener.ApplicationEventListener - 初始化环境变量
2017-12-27 00:49:47.646 [background-preinit] DEBUG org.jboss.logging - Logging Provider: org.jboss.logging.Slf4jLoggerProvider found via system property
2017-12-27 00:49:47.652 [main] INFO  net.tanpeng.tanpen.Application - Starting Application on localhost with PID 32858 (/Users/enterprising/IdeaProjects/tanpen/target/classes started by enterprising in /Users/enterprising/IdeaProjects/tanpen)
2017-12-27 00:49:47.653 [main] DEBUG net.tanpeng.tanpen.Application - Running with Spring Boot v1.4.2.RELEASE, Spring v4.3.4.RELEASE
2017-12-27 00:49:47.653 [main] INFO  net.tanpeng.tanpen.Application - No active profile set, falling back to default profiles: default
2017-12-27 00:49:47.878 [main] DEBUG net.tanpeng.tanpen.config.listener.ApplicationEventListener - 初始化环境变量完成
2017-12-27 00:49:50.016 [main] INFO  org.apache.catalina.core.StandardService - Starting service Tomcat
2017-12-27 00:49:50.017 [main] INFO  org.apache.catalina.core.StandardEngine - Starting Servlet Engine: Apache Tomcat/8.5.6
2017-12-27 00:49:50.229 [localhost-startStop-1] INFO  org.apache.catalina.core.ContainerBase.[Tomcat].[localhost].[/] - Initializing Spring embedded WebApplicationContext
2017-12-27 00:49:51.156 [main] INFO  com.alibaba.druid.pool.DruidDataSource - {dataSource-1} inited
2017-12-27 00:49:53.699 [main] DEBUG net.tanpeng.tanpen.config.listener.ApplicationEventListener - 应用刷新
2017-12-27 00:49:53.709 [main] INFO  org.apache.coyote.http11.Http11NioProtocol - Initializing ProtocolHandler ["http-nio-8080"]
2017-12-27 00:49:53.720 [main] INFO  org.apache.coyote.http11.Http11NioProtocol - Starting ProtocolHandler [http-nio-8080]
2017-12-27 00:49:53.736 [main] INFO  org.apache.tomcat.util.net.NioSelectorPool - Using a shared selector for servlet write/read
2017-12-27 00:49:53.757 [main] DEBUG net.tanpeng.tanpen.config.listener.ApplicationEventListener - 应用已启动完成
2017-12-27 00:49:53.758 [main] INFO  net.tanpeng.tanpen.Application - Started Application in 6.713 seconds (JVM running for 8.338)
2017-12-27 00:49:53.759 [main] DEBUG net.tanpeng.tanpen.Application - start success
2017-12-27 00:49:54.156 [http-nio-8080-exec-1] INFO  org.apache.catalina.core.ContainerBase.[Tomcat].[localhost].[/] - Initializing Spring FrameworkServlet 'dispatcherServlet'
2017-12-27 00:49:54.224 [http-nio-8080-exec-1] ERROR org.apache.catalina.core.ContainerBase.[Tomcat].[localhost].[/].[dispatcherServlet] - Servlet.service() for servlet [dispatcherServlet] in context with path [] threw exception [Request processing failed; nested exception is java.lang.NullPointerException] with root cause
java.lang.NullPointerException: null
	at net.tanpeng.tanpen.service.support.impl.BaseServiceImpl.findAll(BaseServiceImpl.java:28)
	at net.tanpeng.tanpen.service.support.impl.BaseServiceImpl$$FastClassBySpringCGLIB$$e7ca72f4.invoke(<generated>)
	at org.springframework.cglib.proxy.MethodProxy.invoke(MethodProxy.java:204)
	at org.springframework.aop.framework.CglibAopProxy$CglibMethodInvocation.invokeJoinpoint(CglibAopProxy.java:720)
	at org.springframework.aop.framework.ReflectiveMethodInvocation.proceed(ReflectiveMethodInvocation.java:157)
	at org.springframework.transaction.interceptor.TransactionInterceptor$1.proceedWithInvocation(TransactionInterceptor.java:99)
	at org.springframework.transaction.interceptor.TransactionAspectSupport.invokeWithinTransaction(TransactionAspectSupport.java:282)
	at org.springframework.transaction.interceptor.TransactionInterceptor.invoke(TransactionInterceptor.java:96)
	at org.springframework.aop.framework.ReflectiveMethodInvocation.proceed(ReflectiveMethodInvocation.java:179)
	at org.springframework.aop.framework.CglibAopProxy$DynamicAdvisedInterceptor.intercept(CglibAopProxy.java:655)
	at net.tanpeng.tanpen.service.LinkService$$EnhancerBySpringCGLIB$$129be9e5.findAll(<generated>)
	at net.tanpeng.tanpen.controller.IndexController.index(IndexController.java:29)
	at sun.reflect.NativeMethodAccessorImpl.invoke0(Native Method)
	at sun.reflect.NativeMethodAccessorImpl.invoke(NativeMethodAccessorImpl.java:62)
	at sun.reflect.DelegatingMethodAccessorImpl.invoke(DelegatingMethodAccessorImpl.java:43)
	at java.lang.reflect.Method.invoke(Method.java:498)
	at org.springframework.web.method.support.InvocableHandlerMethod.doInvoke(InvocableHandlerMethod.java:220)
	at org.springframework.web.method.support.InvocableHandlerMethod.invokeForRequest(InvocableHandlerMethod.java:134)
	at org.springframework.web.servlet.mvc.method.annotation.ServletInvocableHandlerMethod.invokeAndHandle(ServletInvocableHandlerMethod.java:116)
	at org.springframework.web.servlet.mvc.method.annotation.RequestMappingHandlerAdapter.invokeHandlerMethod(RequestMappingHandlerAdapter.java:827)
	at org.springframework.web.servlet.mvc.method.annotation.RequestMappingHandlerAdapter.handleInternal(RequestMappingHandlerAdapter.java:738)
	at org.springframework.web.servlet.mvc.method.AbstractHandlerMethodAdapter.handle(AbstractHandlerMethodAdapter.java:85)
	at org.springframework.web.servlet.DispatcherServlet.doDispatch(DispatcherServlet.java:963)
	at org.springframework.web.servlet.DispatcherServlet.doService(DispatcherServlet.java:897)
	at org.springframework.web.servlet.FrameworkServlet.processRequest(FrameworkServlet.java:970)
	at org.springframework.web.servlet.FrameworkServlet.doGet(FrameworkServlet.java:861)
	at javax.servlet.http.HttpServlet.service(HttpServlet.java:622)
	at org.springframework.web.servlet.FrameworkServlet.service(FrameworkServlet.java:846)
	at javax.servlet.http.HttpServlet.service(HttpServlet.java:729)
	at org.apache.catalina.core.ApplicationFilterChain.internalDoFilter(ApplicationFilterChain.java:230)
	at org.apache.catalina.core.ApplicationFilterChain.doFilter(ApplicationFilterChain.java:165)
	at org.apache.tomcat.websocket.server.WsFilter.doFilter(WsFilter.java:52)
	at org.apache.catalina.core.ApplicationFilterChain.internalDoFilter(ApplicationFilterChain.java:192)
	at org.apache.catalina.core.ApplicationFilterChain.doFilter(ApplicationFilterChain.java:165)
	at org.springframework.web.filter.RequestContextFilter.doFilterInternal(RequestContextFilter.java:99)
	at org.springframework.web.filter.OncePerRequestFilter.doFilter(OncePerRequestFilter.java:107)
	at org.apache.catalina.core.ApplicationFilterChain.internalDoFilter(ApplicationFilterChain.java:192)
	at org.apache.catalina.core.ApplicationFilterChain.doFilter(ApplicationFilterChain.java:165)
	at org.springframework.web.filter.HttpPutFormContentFilter.doFilterInternal(HttpPutFormContentFilter.java:89)
	at org.springframework.web.filter.OncePerRequestFilter.doFilter(OncePerRequestFilter.java:107)
	at org.apache.catalina.core.ApplicationFilterChain.internalDoFilter(ApplicationFilterChain.java:192)
	at org.apache.catalina.core.ApplicationFilterChain.doFilter(ApplicationFilterChain.java:165)
	at org.springframework.web.filter.HiddenHttpMethodFilter.doFilterInternal(HiddenHttpMethodFilter.java:77)
	at org.springframework.web.filter.OncePerRequestFilter.doFilter(OncePerRequestFilter.java:107)
	at org.apache.catalina.core.ApplicationFilterChain.internalDoFilter(ApplicationFilterChain.java:192)
	at org.apache.catalina.core.ApplicationFilterChain.doFilter(ApplicationFilterChain.java:165)
	at org.springframework.web.filter.CharacterEncodingFilter.doFilterInternal(CharacterEncodingFilter.java:197)
	at org.springframework.web.filter.OncePerRequestFilter.doFilter(OncePerRequestFilter.java:107)
	at org.apache.catalina.core.ApplicationFilterChain.internalDoFilter(ApplicationFilterChain.java:192)
	at org.apache.catalina.core.ApplicationFilterChain.doFilter(ApplicationFilterChain.java:165)
	at org.apache.catalina.core.StandardWrapperValve.invoke(StandardWrapperValve.java:198)
	at org.apache.catalina.core.StandardContextValve.invoke(StandardContextValve.java:108)
	at org.apache.catalina.authenticator.AuthenticatorBase.invoke(AuthenticatorBase.java:472)
	at org.apache.catalina.core.StandardHostValve.invoke(StandardHostValve.java:140)
	at org.apache.catalina.valves.ErrorReportValve.invoke(ErrorReportValve.java:79)
	at org.apache.catalina.core.StandardEngineValve.invoke(StandardEngineValve.java:87)
	at org.apache.catalina.connector.CoyoteAdapter.service(CoyoteAdapter.java:349)
	at org.apache.coyote.http11.Http11Processor.service(Http11Processor.java:784)
	at org.apache.coyote.AbstractProcessorLight.process(AbstractProcessorLight.java:66)
	at org.apache.coyote.AbstractProtocol$ConnectionHandler.process(AbstractProtocol.java:802)
	at org.apache.tomcat.util.net.NioEndpoint$SocketProcessor.doRun(NioEndpoint.java:1410)
	at org.apache.tomcat.util.net.SocketProcessorBase.run(SocketProcessorBase.java:49)
	at java.util.concurrent.ThreadPoolExecutor.runWorker(ThreadPoolExecutor.java:1142)
	at java.util.concurrent.ThreadPoolExecutor$Worker.run(ThreadPoolExecutor.java:617)
	at org.apache.tomcat.util.threads.TaskThread$WrappingRunnable.run(TaskThread.java:61)
	at java.lang.Thread.run(Thread.java:748)
2017-12-27 00:51:43.189 [Thread-16] DEBUG net.tanpeng.tanpen.config.listener.ApplicationEventListener - 应用关闭
2017-12-27 00:51:43.196 [Thread-16] INFO  com.alibaba.druid.pool.DruidDataSource - {dataSource-1} closed
2017-12-27 00:51:53.176 [main] DEBUG net.tanpeng.tanpen.config.listener.ApplicationEventListener - 初始化环境变量
2017-12-27 00:51:53.317 [main] INFO  net.tanpeng.tanpen.Application - Starting Application on localhost with PID 32963 (/Users/enterprising/IdeaProjects/tanpen/target/classes started by enterprising in /Users/enterprising/IdeaProjects/tanpen)
2017-12-27 00:51:53.318 [main] DEBUG net.tanpeng.tanpen.Application - Running with Spring Boot v1.4.2.RELEASE, Spring v4.3.4.RELEASE
2017-12-27 00:51:53.321 [main] INFO  net.tanpeng.tanpen.Application - No active profile set, falling back to default profiles: default
2017-12-27 00:51:53.498 [main] DEBUG net.tanpeng.tanpen.config.listener.ApplicationEventListener - 初始化环境变量完成
2017-12-27 00:51:53.561 [background-preinit] DEBUG org.jboss.logging - Logging Provider: org.jboss.logging.Slf4jLoggerProvider found via system property
2017-12-27 00:51:56.639 [main] INFO  org.apache.catalina.core.StandardService - Starting service Tomcat
2017-12-27 00:51:56.640 [main] INFO  org.apache.catalina.core.StandardEngine - Starting Servlet Engine: Apache Tomcat/8.5.6
2017-12-27 00:51:56.734 [localhost-startStop-1] INFO  org.apache.catalina.core.ContainerBase.[Tomcat].[localhost].[/] - Initializing Spring embedded WebApplicationContext
2017-12-27 00:51:57.354 [main] INFO  com.alibaba.druid.pool.DruidDataSource - {dataSource-1} inited
2017-12-27 00:51:59.721 [main] DEBUG net.tanpeng.tanpen.config.listener.ApplicationEventListener - 应用刷新
2017-12-27 00:51:59.731 [main] INFO  org.apache.coyote.http11.Http11NioProtocol - Initializing ProtocolHandler ["http-nio-8080"]
2017-12-27 00:51:59.739 [main] INFO  org.apache.coyote.http11.Http11NioProtocol - Starting ProtocolHandler [http-nio-8080]
2017-12-27 00:51:59.754 [main] INFO  org.apache.tomcat.util.net.NioSelectorPool - Using a shared selector for servlet write/read
2017-12-27 00:51:59.772 [main] DEBUG net.tanpeng.tanpen.config.listener.ApplicationEventListener - 应用已启动完成
2017-12-27 00:51:59.773 [main] INFO  net.tanpeng.tanpen.Application - Started Application in 6.899 seconds (JVM running for 8.506)
2017-12-27 00:51:59.773 [main] DEBUG net.tanpeng.tanpen.Application - start success
2017-12-27 00:52:02.980 [http-nio-8080-exec-1] INFO  org.apache.catalina.core.ContainerBase.[Tomcat].[localhost].[/] - Initializing Spring FrameworkServlet 'dispatcherServlet'
2017-12-27 00:52:17.100 [http-nio-8080-exec-1] ERROR org.apache.catalina.core.ContainerBase.[Tomcat].[localhost].[/].[dispatcherServlet] - Servlet.service() for servlet [dispatcherServlet] in context with path [] threw exception [Request processing failed; nested exception is java.lang.NullPointerException] with root cause
java.lang.NullPointerException: null
	at net.tanpeng.tanpen.service.support.impl.BaseServiceImpl.findAll(BaseServiceImpl.java:28)
	at net.tanpeng.tanpen.service.LinkService.findAll(LinkService.java:27)
	at net.tanpeng.tanpen.service.LinkService$$FastClassBySpringCGLIB$$a739101c.invoke(<generated>)
	at org.springframework.cglib.proxy.MethodProxy.invoke(MethodProxy.java:204)
	at org.springframework.aop.framework.CglibAopProxy$CglibMethodInvocation.invokeJoinpoint(CglibAopProxy.java:720)
	at org.springframework.aop.framework.ReflectiveMethodInvocation.proceed(ReflectiveMethodInvocation.java:157)
	at org.springframework.transaction.interceptor.TransactionInterceptor$1.proceedWithInvocation(TransactionInterceptor.java:99)
	at org.springframework.transaction.interceptor.TransactionAspectSupport.invokeWithinTransaction(TransactionAspectSupport.java:282)
	at org.springframework.transaction.interceptor.TransactionInterceptor.invoke(TransactionInterceptor.java:96)
	at org.springframework.aop.framework.ReflectiveMethodInvocation.proceed(ReflectiveMethodInvocation.java:179)
	at org.springframework.aop.framework.CglibAopProxy$DynamicAdvisedInterceptor.intercept(CglibAopProxy.java:655)
	at net.tanpeng.tanpen.service.LinkService$$EnhancerBySpringCGLIB$$a0ce9bc.findAll(<generated>)
	at net.tanpeng.tanpen.controller.IndexController.index(IndexController.java:29)
	at sun.reflect.NativeMethodAccessorImpl.invoke0(Native Method)
	at sun.reflect.NativeMethodAccessorImpl.invoke(NativeMethodAccessorImpl.java:62)
	at sun.reflect.DelegatingMethodAccessorImpl.invoke(DelegatingMethodAccessorImpl.java:43)
	at java.lang.reflect.Method.invoke(Method.java:498)
	at org.springframework.web.method.support.InvocableHandlerMethod.doInvoke(InvocableHandlerMethod.java:220)
	at org.springframework.web.method.support.InvocableHandlerMethod.invokeForRequest(InvocableHandlerMethod.java:134)
	at org.springframework.web.servlet.mvc.method.annotation.ServletInvocableHandlerMethod.invokeAndHandle(ServletInvocableHandlerMethod.java:116)
	at org.springframework.web.servlet.mvc.method.annotation.RequestMappingHandlerAdapter.invokeHandlerMethod(RequestMappingHandlerAdapter.java:827)
	at org.springframework.web.servlet.mvc.method.annotation.RequestMappingHandlerAdapter.handleInternal(RequestMappingHandlerAdapter.java:738)
	at org.springframework.web.servlet.mvc.method.AbstractHandlerMethodAdapter.handle(AbstractHandlerMethodAdapter.java:85)
	at org.springframework.web.servlet.DispatcherServlet.doDispatch(DispatcherServlet.java:963)
	at org.springframework.web.servlet.DispatcherServlet.doService(DispatcherServlet.java:897)
	at org.springframework.web.servlet.FrameworkServlet.processRequest(FrameworkServlet.java:970)
	at org.springframework.web.servlet.FrameworkServlet.doGet(FrameworkServlet.java:861)
	at javax.servlet.http.HttpServlet.service(HttpServlet.java:622)
	at org.springframework.web.servlet.FrameworkServlet.service(FrameworkServlet.java:846)
	at javax.servlet.http.HttpServlet.service(HttpServlet.java:729)
	at org.apache.catalina.core.ApplicationFilterChain.internalDoFilter(ApplicationFilterChain.java:230)
	at org.apache.catalina.core.ApplicationFilterChain.doFilter(ApplicationFilterChain.java:165)
	at org.apache.tomcat.websocket.server.WsFilter.doFilter(WsFilter.java:52)
	at org.apache.catalina.core.ApplicationFilterChain.internalDoFilter(ApplicationFilterChain.java:192)
	at org.apache.catalina.core.ApplicationFilterChain.doFilter(ApplicationFilterChain.java:165)
	at org.springframework.web.filter.RequestContextFilter.doFilterInternal(RequestContextFilter.java:99)
	at org.springframework.web.filter.OncePerRequestFilter.doFilter(OncePerRequestFilter.java:107)
	at org.apache.catalina.core.ApplicationFilterChain.internalDoFilter(ApplicationFilterChain.java:192)
	at org.apache.catalina.core.ApplicationFilterChain.doFilter(ApplicationFilterChain.java:165)
	at org.springframework.web.filter.HttpPutFormContentFilter.doFilterInternal(HttpPutFormContentFilter.java:89)
	at org.springframework.web.filter.OncePerRequestFilter.doFilter(OncePerRequestFilter.java:107)
	at org.apache.catalina.core.ApplicationFilterChain.internalDoFilter(ApplicationFilterChain.java:192)
	at org.apache.catalina.core.ApplicationFilterChain.doFilter(ApplicationFilterChain.java:165)
	at org.springframework.web.filter.HiddenHttpMethodFilter.doFilterInternal(HiddenHttpMethodFilter.java:77)
	at org.springframework.web.filter.OncePerRequestFilter.doFilter(OncePerRequestFilter.java:107)
	at org.apache.catalina.core.ApplicationFilterChain.internalDoFilter(ApplicationFilterChain.java:192)
	at org.apache.catalina.core.ApplicationFilterChain.doFilter(ApplicationFilterChain.java:165)
	at org.springframework.web.filter.CharacterEncodingFilter.doFilterInternal(CharacterEncodingFilter.java:197)
	at org.springframework.web.filter.OncePerRequestFilter.doFilter(OncePerRequestFilter.java:107)
	at org.apache.catalina.core.ApplicationFilterChain.internalDoFilter(ApplicationFilterChain.java:192)
	at org.apache.catalina.core.ApplicationFilterChain.doFilter(ApplicationFilterChain.java:165)
	at org.apache.catalina.core.StandardWrapperValve.invoke(StandardWrapperValve.java:198)
	at org.apache.catalina.core.StandardContextValve.invoke(StandardContextValve.java:108)
	at org.apache.catalina.authenticator.AuthenticatorBase.invoke(AuthenticatorBase.java:472)
	at org.apache.catalina.core.StandardHostValve.invoke(StandardHostValve.java:140)
	at org.apache.catalina.valves.ErrorReportValve.invoke(ErrorReportValve.java:79)
	at org.apache.catalina.core.StandardEngineValve.invoke(StandardEngineValve.java:87)
	at org.apache.catalina.connector.CoyoteAdapter.service(CoyoteAdapter.java:349)
	at org.apache.coyote.http11.Http11Processor.service(Http11Processor.java:784)
	at org.apache.coyote.AbstractProcessorLight.process(AbstractProcessorLight.java:66)
	at org.apache.coyote.AbstractProtocol$ConnectionHandler.process(AbstractProtocol.java:802)
	at org.apache.tomcat.util.net.NioEndpoint$SocketProcessor.doRun(NioEndpoint.java:1410)
	at org.apache.tomcat.util.net.SocketProcessorBase.run(SocketProcessorBase.java:49)
	at java.util.concurrent.ThreadPoolExecutor.runWorker(ThreadPoolExecutor.java:1142)
	at java.util.concurrent.ThreadPoolExecutor$Worker.run(ThreadPoolExecutor.java:617)
	at org.apache.tomcat.util.threads.TaskThread$WrappingRunnable.run(TaskThread.java:61)
	at java.lang.Thread.run(Thread.java:748)
2017-12-27 00:54:39.519 [Thread-17] DEBUG net.tanpeng.tanpen.config.listener.ApplicationEventListener - 应用关闭
2017-12-27 00:54:39.528 [Thread-17] INFO  com.alibaba.druid.pool.DruidDataSource - {dataSource-1} closed
2017-12-27 00:54:45.628 [main] DEBUG net.tanpeng.tanpen.config.listener.ApplicationEventListener - 初始化环境变量
2017-12-27 00:54:45.761 [main] INFO  net.tanpeng.tanpen.Application - Starting Application on localhost with PID 33104 (/Users/enterprising/IdeaProjects/tanpen/target/classes started by enterprising in /Users/enterprising/IdeaProjects/tanpen)
2017-12-27 00:54:45.762 [main] DEBUG net.tanpeng.tanpen.Application - Running with Spring Boot v1.4.2.RELEASE, Spring v4.3.4.RELEASE
2017-12-27 00:54:45.762 [main] INFO  net.tanpeng.tanpen.Application - No active profile set, falling back to default profiles: default
2017-12-27 00:54:45.921 [main] DEBUG net.tanpeng.tanpen.config.listener.ApplicationEventListener - 初始化环境变量完成
2017-12-27 00:54:45.980 [background-preinit] DEBUG org.jboss.logging - Logging Provider: org.jboss.logging.Slf4jLoggerProvider found via system property
2017-12-27 00:54:49.452 [main] INFO  org.apache.catalina.core.StandardService - Starting service Tomcat
2017-12-27 00:54:49.454 [main] INFO  org.apache.catalina.core.StandardEngine - Starting Servlet Engine: Apache Tomcat/8.5.6
2017-12-27 00:54:49.527 [localhost-startStop-1] INFO  org.apache.catalina.core.ContainerBase.[Tomcat].[localhost].[/] - Initializing Spring embedded WebApplicationContext
2017-12-27 00:54:50.249 [main] INFO  com.alibaba.druid.pool.DruidDataSource - {dataSource-1} inited
2017-12-27 00:54:52.606 [main] DEBUG net.tanpeng.tanpen.config.listener.ApplicationEventListener - 应用刷新
2017-12-27 00:54:52.627 [main] INFO  org.apache.coyote.http11.Http11NioProtocol - Initializing ProtocolHandler ["http-nio-8080"]
2017-12-27 00:54:52.660 [main] INFO  org.apache.coyote.http11.Http11NioProtocol - Starting ProtocolHandler [http-nio-8080]
2017-12-27 00:54:52.701 [main] INFO  org.apache.tomcat.util.net.NioSelectorPool - Using a shared selector for servlet write/read
2017-12-27 00:54:52.721 [main] DEBUG net.tanpeng.tanpen.config.listener.ApplicationEventListener - 应用已启动完成
2017-12-27 00:54:52.723 [main] INFO  net.tanpeng.tanpen.Application - Started Application in 7.571 seconds (JVM running for 8.857)
2017-12-27 00:54:52.723 [main] DEBUG net.tanpeng.tanpen.Application - start success
2017-12-27 00:54:54.970 [http-nio-8080-exec-1] INFO  org.apache.catalina.core.ContainerBase.[Tomcat].[localhost].[/] - Initializing Spring FrameworkServlet 'dispatcherServlet'
2017-12-27 00:54:55.169 [http-nio-8080-exec-1] DEBUG org.hibernate.SQL - select link0_.id as id1_0_, link0_.create_time as create_t2_0_, link0_.description as descript3_0_, link0_.name as name4_0_, link0_.update_time as update_t5_0_, link0_.url as url6_0_ from link link0_
2017-12-27 00:55:13.776 [Thread-18] DEBUG net.tanpeng.tanpen.config.listener.ApplicationEventListener - 应用关闭
2017-12-27 00:55:13.784 [Thread-18] INFO  com.alibaba.druid.pool.DruidDataSource - {dataSource-1} closed
2017-12-27 00:55:17.720 [main] DEBUG net.tanpeng.tanpen.config.listener.ApplicationEventListener - 初始化环境变量
2017-12-27 00:55:17.951 [main] INFO  net.tanpeng.tanpen.Application - Starting Application on localhost with PID 33131 (/Users/enterprising/IdeaProjects/tanpen/target/classes started by enterprising in /Users/enterprising/IdeaProjects/tanpen)
2017-12-27 00:55:17.954 [main] DEBUG net.tanpeng.tanpen.Application - Running with Spring Boot v1.4.2.RELEASE, Spring v4.3.4.RELEASE
2017-12-27 00:55:17.955 [main] INFO  net.tanpeng.tanpen.Application - No active profile set, falling back to default profiles: default
2017-12-27 00:55:18.145 [main] DEBUG net.tanpeng.tanpen.config.listener.ApplicationEventListener - 初始化环境变量完成
2017-12-27 00:55:18.190 [background-preinit] DEBUG org.jboss.logging - Logging Provider: org.jboss.logging.Slf4jLoggerProvider found via system property
2017-12-27 00:55:21.454 [main] INFO  org.apache.catalina.core.StandardService - Starting service Tomcat
2017-12-27 00:55:21.455 [main] INFO  org.apache.catalina.core.StandardEngine - Starting Servlet Engine: Apache Tomcat/8.5.6
2017-12-27 00:55:21.556 [localhost-startStop-1] INFO  org.apache.catalina.core.ContainerBase.[Tomcat].[localhost].[/] - Initializing Spring embedded WebApplicationContext
2017-12-27 00:55:22.843 [main] INFO  com.alibaba.druid.pool.DruidDataSource - {dataSource-1} inited
2017-12-27 00:55:25.845 [main] DEBUG net.tanpeng.tanpen.config.listener.ApplicationEventListener - 应用刷新
2017-12-27 00:55:25.855 [main] INFO  org.apache.coyote.http11.Http11NioProtocol - Initializing ProtocolHandler ["http-nio-8080"]
2017-12-27 00:55:25.865 [main] INFO  org.apache.coyote.http11.Http11NioProtocol - Starting ProtocolHandler [http-nio-8080]
2017-12-27 00:55:25.879 [main] INFO  org.apache.tomcat.util.net.NioSelectorPool - Using a shared selector for servlet write/read
2017-12-27 00:55:25.931 [main] DEBUG net.tanpeng.tanpen.config.listener.ApplicationEventListener - 应用已启动完成
2017-12-27 00:55:25.932 [main] INFO  net.tanpeng.tanpen.Application - Started Application in 8.732 seconds (JVM running for 10.153)
2017-12-27 00:55:25.932 [main] DEBUG net.tanpeng.tanpen.Application - start success
2017-12-27 00:55:28.102 [http-nio-8080-exec-1] INFO  org.apache.catalina.core.ContainerBase.[Tomcat].[localhost].[/] - Initializing Spring FrameworkServlet 'dispatcherServlet'
2017-12-27 00:55:32.568 [http-nio-8080-exec-1] DEBUG org.hibernate.SQL - select link0_.id as id1_0_, link0_.create_time as create_t2_0_, link0_.description as descript3_0_, link0_.name as name4_0_, link0_.update_time as update_t5_0_, link0_.url as url6_0_ from link link0_
2017-12-27 00:55:41.004 [Thread-20] DEBUG net.tanpeng.tanpen.config.listener.ApplicationEventListener - 应用关闭
2017-12-27 00:55:41.021 [Thread-20] INFO  com.alibaba.druid.pool.DruidDataSource - {dataSource-1} closed
2017-12-27 01:14:23.378 [main] DEBUG net.tanpeng.tanpen.config.listener.ApplicationEventListener - 初始化环境变量
2017-12-27 01:14:23.674 [main] INFO  net.tanpeng.tanpen.Application - Starting Application on localhost with PID 34168 (/Users/enterprising/IdeaProjects/tanpen/target/classes started by enterprising in /Users/enterprising/IdeaProjects/tanpen)
2017-12-27 01:14:23.674 [main] DEBUG net.tanpeng.tanpen.Application - Running with Spring Boot v1.4.2.RELEASE, Spring v4.3.4.RELEASE
2017-12-27 01:14:23.675 [main] INFO  net.tanpeng.tanpen.Application - No active profile set, falling back to default profiles: default
2017-12-27 01:14:23.804 [main] DEBUG net.tanpeng.tanpen.config.listener.ApplicationEventListener - 初始化环境变量完成
2017-12-27 01:14:24.014 [background-preinit] DEBUG org.jboss.logging - Logging Provider: org.jboss.logging.Slf4jLoggerProvider found via system property
2017-12-27 01:14:26.279 [main] INFO  org.apache.catalina.core.StandardService - Starting service Tomcat
2017-12-27 01:14:26.280 [main] INFO  org.apache.catalina.core.StandardEngine - Starting Servlet Engine: Apache Tomcat/8.5.6
2017-12-27 01:14:26.366 [localhost-startStop-1] INFO  org.apache.catalina.core.ContainerBase.[Tomcat].[localhost].[/] - Initializing Spring embedded WebApplicationContext
2017-12-27 01:14:27.146 [main] INFO  com.alibaba.druid.pool.DruidDataSource - {dataSource-1} inited
2017-12-27 01:14:29.767 [main] DEBUG net.tanpeng.tanpen.config.listener.ApplicationEventListener - 应用刷新
2017-12-27 01:14:29.784 [main] INFO  org.apache.coyote.http11.Http11NioProtocol - Initializing ProtocolHandler ["http-nio-8080"]
2017-12-27 01:14:29.802 [main] INFO  org.apache.coyote.http11.Http11NioProtocol - Starting ProtocolHandler [http-nio-8080]
2017-12-27 01:14:29.841 [main] INFO  org.apache.tomcat.util.net.NioSelectorPool - Using a shared selector for servlet write/read
2017-12-27 01:14:29.878 [main] DEBUG net.tanpeng.tanpen.config.listener.ApplicationEventListener - 应用已启动完成
2017-12-27 01:14:29.880 [main] INFO  net.tanpeng.tanpen.Application - Started Application in 6.982 seconds (JVM running for 8.931)
2017-12-27 01:14:29.880 [main] DEBUG net.tanpeng.tanpen.Application - start success
2017-12-27 01:15:40.720 [Thread-17] DEBUG net.tanpeng.tanpen.config.listener.ApplicationEventListener - 应用关闭
2017-12-27 01:15:40.729 [Thread-17] INFO  com.alibaba.druid.pool.DruidDataSource - {dataSource-1} closed
2017-12-27 01:15:57.402 [main] DEBUG net.tanpeng.tanpen.config.listener.ApplicationEventListener - 初始化环境变量
2017-12-27 01:15:57.820 [main] INFO  net.tanpeng.tanpen.Application - Starting Application on localhost with PID 34251 (/Users/enterprising/IdeaProjects/tanpen/target/classes started by enterprising in /Users/enterprising/IdeaProjects/tanpen)
2017-12-27 01:15:57.821 [main] DEBUG net.tanpeng.tanpen.Application - Running with Spring Boot v1.4.2.RELEASE, Spring v4.3.4.RELEASE
2017-12-27 01:15:57.822 [main] INFO  net.tanpeng.tanpen.Application - No active profile set, falling back to default profiles: default
2017-12-27 01:15:57.961 [main] DEBUG net.tanpeng.tanpen.config.listener.ApplicationEventListener - 初始化环境变量完成
2017-12-27 01:15:58.022 [background-preinit] DEBUG org.jboss.logging - Logging Provider: org.jboss.logging.Slf4jLoggerProvider found via system property
2017-12-27 01:16:00.944 [main] INFO  org.apache.catalina.core.StandardService - Starting service Tomcat
2017-12-27 01:16:00.945 [main] INFO  org.apache.catalina.core.StandardEngine - Starting Servlet Engine: Apache Tomcat/8.5.6
2017-12-27 01:16:01.025 [localhost-startStop-1] INFO  org.apache.catalina.core.ContainerBase.[Tomcat].[localhost].[/] - Initializing Spring embedded WebApplicationContext
2017-12-27 01:16:01.555 [main] INFO  com.alibaba.druid.pool.DruidDataSource - {dataSource-1} inited
2017-12-27 01:16:04.043 [main] DEBUG net.tanpeng.tanpen.config.listener.ApplicationEventListener - 应用刷新
2017-12-27 01:16:04.052 [main] INFO  org.apache.coyote.http11.Http11NioProtocol - Initializing ProtocolHandler ["http-nio-8080"]
2017-12-27 01:16:04.064 [main] INFO  org.apache.coyote.http11.Http11NioProtocol - Starting ProtocolHandler [http-nio-8080]
2017-12-27 01:16:04.086 [main] INFO  org.apache.tomcat.util.net.NioSelectorPool - Using a shared selector for servlet write/read
2017-12-27 01:16:04.106 [main] DEBUG net.tanpeng.tanpen.config.listener.ApplicationEventListener - 应用已启动完成
2017-12-27 01:16:04.108 [main] INFO  net.tanpeng.tanpen.Application - Started Application in 7.355 seconds (JVM running for 9.421)
2017-12-27 01:16:04.108 [main] DEBUG net.tanpeng.tanpen.Application - start success
2017-12-27 01:17:41.905 [Thread-18] DEBUG net.tanpeng.tanpen.config.listener.ApplicationEventListener - 应用关闭
2017-12-27 01:17:41.914 [Thread-18] INFO  com.alibaba.druid.pool.DruidDataSource - {dataSource-1} closed
2017-12-27 01:17:55.252 [main] DEBUG net.tanpeng.tanpen.config.listener.ApplicationEventListener - 初始化环境变量
2017-12-27 01:17:55.366 [main] INFO  net.tanpeng.tanpen.Application - Starting Application on localhost with PID 34351 (/Users/enterprising/IdeaProjects/tanpen/target/classes started by enterprising in /Users/enterprising/IdeaProjects/tanpen)
2017-12-27 01:17:55.368 [main] DEBUG net.tanpeng.tanpen.Application - Running with Spring Boot v1.4.2.RELEASE, Spring v4.3.4.RELEASE
2017-12-27 01:17:55.368 [main] INFO  net.tanpeng.tanpen.Application - No active profile set, falling back to default profiles: default
2017-12-27 01:17:55.462 [main] DEBUG net.tanpeng.tanpen.config.listener.ApplicationEventListener - 初始化环境变量完成
2017-12-27 01:17:55.492 [background-preinit] DEBUG org.jboss.logging - Logging Provider: org.jboss.logging.Slf4jLoggerProvider found via system property
2017-12-27 01:17:57.511 [main] INFO  org.apache.catalina.core.StandardService - Starting service Tomcat
2017-12-27 01:17:57.512 [main] INFO  org.apache.catalina.core.StandardEngine - Starting Servlet Engine: Apache Tomcat/8.5.6
2017-12-27 01:17:57.578 [localhost-startStop-1] INFO  org.apache.catalina.core.ContainerBase.[Tomcat].[localhost].[/] - Initializing Spring embedded WebApplicationContext
2017-12-27 01:17:58.075 [main] INFO  com.alibaba.druid.pool.DruidDataSource - {dataSource-1} inited
2017-12-27 01:17:59.774 [main] DEBUG net.tanpeng.tanpen.config.listener.ApplicationEventListener - 应用刷新
2017-12-27 01:17:59.793 [main] INFO  org.apache.coyote.http11.Http11NioProtocol - Initializing ProtocolHandler ["http-nio-8080"]
2017-12-27 01:17:59.834 [main] INFO  org.apache.coyote.http11.Http11NioProtocol - Starting ProtocolHandler [http-nio-8080]
2017-12-27 01:17:59.881 [main] INFO  org.apache.tomcat.util.net.NioSelectorPool - Using a shared selector for servlet write/read
2017-12-27 01:17:59.919 [main] DEBUG net.tanpeng.tanpen.config.listener.ApplicationEventListener - 应用已启动完成
2017-12-27 01:17:59.922 [main] INFO  net.tanpeng.tanpen.Application - Started Application in 4.976 seconds (JVM running for 5.927)
2017-12-27 01:17:59.923 [main] DEBUG net.tanpeng.tanpen.Application - start success
2017-12-27 01:20:38.690 [Thread-12] DEBUG net.tanpeng.tanpen.config.listener.ApplicationEventListener - 应用关闭
2017-12-27 01:20:38.770 [Thread-12] INFO  com.alibaba.druid.pool.DruidDataSource - {dataSource-1} closed
2017-12-27 01:20:45.658 [main] DEBUG net.tanpeng.tanpen.config.listener.ApplicationEventListener - 初始化环境变量
2017-12-27 01:20:45.849 [main] INFO  net.tanpeng.tanpen.Application - Starting Application on localhost with PID 34503 (/Users/enterprising/IdeaProjects/tanpen/target/classes started by enterprising in /Users/enterprising/IdeaProjects/tanpen)
2017-12-27 01:20:45.850 [main] DEBUG net.tanpeng.tanpen.Application - Running with Spring Boot v1.4.2.RELEASE, Spring v4.3.4.RELEASE
2017-12-27 01:20:45.850 [main] INFO  net.tanpeng.tanpen.Application - No active profile set, falling back to default profiles: default
2017-12-27 01:20:46.052 [main] DEBUG net.tanpeng.tanpen.config.listener.ApplicationEventListener - 初始化环境变量完成
2017-12-27 01:20:46.378 [background-preinit] DEBUG org.jboss.logging - Logging Provider: org.jboss.logging.Slf4jLoggerProvider found via system property
2017-12-27 01:20:49.887 [main] INFO  org.apache.catalina.core.StandardService - Starting service Tomcat
2017-12-27 01:20:49.888 [main] INFO  org.apache.catalina.core.StandardEngine - Starting Servlet Engine: Apache Tomcat/8.5.6
2017-12-27 01:20:49.985 [localhost-startStop-1] INFO  org.apache.catalina.core.ContainerBase.[Tomcat].[localhost].[/] - Initializing Spring embedded WebApplicationContext
2017-12-27 01:20:50.537 [main] INFO  com.alibaba.druid.pool.DruidDataSource - {dataSource-1} inited
2017-12-27 01:20:52.958 [main] DEBUG net.tanpeng.tanpen.config.listener.ApplicationEventListener - 应用刷新
2017-12-27 01:20:52.969 [main] INFO  org.apache.coyote.http11.Http11NioProtocol - Initializing ProtocolHandler ["http-nio-8080"]
2017-12-27 01:20:52.979 [main] INFO  org.apache.coyote.http11.Http11NioProtocol - Starting ProtocolHandler [http-nio-8080]
2017-12-27 01:20:53.002 [main] INFO  org.apache.tomcat.util.net.NioSelectorPool - Using a shared selector for servlet write/read
2017-12-27 01:20:53.023 [main] DEBUG net.tanpeng.tanpen.config.listener.ApplicationEventListener - 应用已启动完成
2017-12-27 01:20:53.025 [main] INFO  net.tanpeng.tanpen.Application - Started Application in 7.694 seconds (JVM running for 9.012)
2017-12-27 01:20:53.025 [main] DEBUG net.tanpeng.tanpen.Application - start success
2017-12-27 01:21:30.677 [Thread-18] DEBUG net.tanpeng.tanpen.config.listener.ApplicationEventListener - 应用关闭
2017-12-27 01:21:30.687 [Thread-18] INFO  com.alibaba.druid.pool.DruidDataSource - {dataSource-1} closed
2017-12-27 01:21:37.007 [main] DEBUG net.tanpeng.tanpen.config.listener.ApplicationEventListener - 初始化环境变量
2017-12-27 01:21:37.175 [main] INFO  net.tanpeng.tanpen.Application - Starting Application on localhost with PID 34551 (/Users/enterprising/IdeaProjects/tanpen/target/classes started by enterprising in /Users/enterprising/IdeaProjects/tanpen)
2017-12-27 01:21:37.193 [main] DEBUG net.tanpeng.tanpen.Application - Running with Spring Boot v1.4.2.RELEASE, Spring v4.3.4.RELEASE
2017-12-27 01:21:37.206 [main] INFO  net.tanpeng.tanpen.Application - No active profile set, falling back to default profiles: default
2017-12-27 01:21:37.333 [main] DEBUG net.tanpeng.tanpen.config.listener.ApplicationEventListener - 初始化环境变量完成
2017-12-27 01:21:37.358 [background-preinit] DEBUG org.jboss.logging - Logging Provider: org.jboss.logging.Slf4jLoggerProvider found via system property
2017-12-27 01:21:39.777 [main] INFO  org.apache.catalina.core.StandardService - Starting service Tomcat
2017-12-27 01:21:39.778 [main] INFO  org.apache.catalina.core.StandardEngine - Starting Servlet Engine: Apache Tomcat/8.5.6
2017-12-27 01:21:39.851 [localhost-startStop-1] INFO  org.apache.catalina.core.ContainerBase.[Tomcat].[localhost].[/] - Initializing Spring embedded WebApplicationContext
2017-12-27 01:21:40.375 [main] INFO  com.alibaba.druid.pool.DruidDataSource - {dataSource-1} inited
2017-12-27 01:21:42.287 [main] DEBUG net.tanpeng.tanpen.config.listener.ApplicationEventListener - 应用刷新
2017-12-27 01:21:42.301 [main] INFO  org.apache.coyote.http11.Http11NioProtocol - Initializing ProtocolHandler ["http-nio-8081"]
2017-12-27 01:21:42.316 [main] INFO  org.apache.coyote.http11.Http11NioProtocol - Starting ProtocolHandler [http-nio-8081]
2017-12-27 01:21:42.343 [main] INFO  org.apache.tomcat.util.net.NioSelectorPool - Using a shared selector for servlet write/read
2017-12-27 01:21:42.367 [main] DEBUG net.tanpeng.tanpen.config.listener.ApplicationEventListener - 应用已启动完成
2017-12-27 01:21:42.369 [main] INFO  net.tanpeng.tanpen.Application - Started Application in 5.601 seconds (JVM running for 7.002)
2017-12-27 01:21:42.370 [main] DEBUG net.tanpeng.tanpen.Application - start success
2017-12-27 01:22:15.455 [http-nio-8081-exec-1] INFO  org.apache.catalina.core.ContainerBase.[Tomcat].[localhost].[/] - Initializing Spring FrameworkServlet 'dispatcherServlet'
2017-12-27 01:22:15.834 [http-nio-8081-exec-1] DEBUG org.hibernate.SQL - select link0_.id as id1_0_, link0_.create_time as create_t2_0_, link0_.description as descript3_0_, link0_.name as name4_0_, link0_.update_time as update_t5_0_, link0_.url as url6_0_ from link link0_
2017-12-27 01:22:39.457 [Thread-14] DEBUG net.tanpeng.tanpen.config.listener.ApplicationEventListener - 应用关闭
2017-12-27 01:22:39.467 [Thread-14] INFO  com.alibaba.druid.pool.DruidDataSource - {dataSource-1} closed
2017-12-27 01:22:43.700 [main] DEBUG net.tanpeng.tanpen.config.listener.ApplicationEventListener - 初始化环境变量
2017-12-27 01:22:43.975 [main] INFO  net.tanpeng.tanpen.Application - Starting Application on localhost with PID 34617 (/Users/enterprising/IdeaProjects/tanpen/target/classes started by enterprising in /Users/enterprising/IdeaProjects/tanpen)
2017-12-27 01:22:43.977 [main] DEBUG net.tanpeng.tanpen.Application - Running with Spring Boot v1.4.2.RELEASE, Spring v4.3.4.RELEASE
2017-12-27 01:22:43.977 [main] INFO  net.tanpeng.tanpen.Application - No active profile set, falling back to default profiles: default
2017-12-27 01:22:44.129 [main] DEBUG net.tanpeng.tanpen.config.listener.ApplicationEventListener - 初始化环境变量完成
2017-12-27 01:22:44.186 [background-preinit] DEBUG org.jboss.logging - Logging Provider: org.jboss.logging.Slf4jLoggerProvider found via system property
2017-12-27 01:22:46.230 [main] INFO  org.apache.catalina.core.StandardService - Starting service Tomcat
2017-12-27 01:22:46.231 [main] INFO  org.apache.catalina.core.StandardEngine - Starting Servlet Engine: Apache Tomcat/8.5.6
2017-12-27 01:22:46.315 [localhost-startStop-1] INFO  org.apache.catalina.core.ContainerBase.[Tomcat].[localhost].[/] - Initializing Spring embedded WebApplicationContext
2017-12-27 01:22:46.836 [main] INFO  com.alibaba.druid.pool.DruidDataSource - {dataSource-1} inited
2017-12-27 01:22:48.884 [main] DEBUG net.tanpeng.tanpen.config.listener.ApplicationEventListener - 应用刷新
2017-12-27 01:22:48.893 [main] INFO  org.apache.coyote.http11.Http11NioProtocol - Initializing ProtocolHandler ["http-nio-8081"]
2017-12-27 01:22:48.902 [main] INFO  org.apache.coyote.http11.Http11NioProtocol - Starting ProtocolHandler [http-nio-8081]
2017-12-27 01:22:48.920 [main] INFO  org.apache.tomcat.util.net.NioSelectorPool - Using a shared selector for servlet write/read
2017-12-27 01:22:48.937 [main] DEBUG net.tanpeng.tanpen.config.listener.ApplicationEventListener - 应用已启动完成
2017-12-27 01:22:48.938 [main] INFO  net.tanpeng.tanpen.Application - Started Application in 5.518 seconds (JVM running for 6.666)
2017-12-27 01:22:48.938 [main] DEBUG net.tanpeng.tanpen.Application - start success
2017-12-27 01:22:52.988 [http-nio-8081-exec-1] INFO  org.apache.catalina.core.ContainerBase.[Tomcat].[localhost].[/] - Initializing Spring FrameworkServlet 'dispatcherServlet'
2017-12-27 01:22:53.145 [http-nio-8081-exec-1] DEBUG org.hibernate.SQL - select link0_.id as id1_0_, link0_.create_time as create_t2_0_, link0_.description as descript3_0_, link0_.name as name4_0_, link0_.update_time as update_t5_0_, link0_.url as url6_0_ from link link0_
2017-12-27 01:22:59.341 [http-nio-8081-exec-3] DEBUG org.hibernate.SQL - select link0_.id as id1_0_, link0_.create_time as create_t2_0_, link0_.description as descript3_0_, link0_.name as name4_0_, link0_.update_time as update_t5_0_, link0_.url as url6_0_ from link link0_
2017-12-27 01:24:42.062 [Thread-13] DEBUG net.tanpeng.tanpen.config.listener.ApplicationEventListener - 应用关闭
2017-12-27 01:24:42.068 [Thread-13] INFO  com.alibaba.druid.pool.DruidDataSource - {dataSource-1} closed
2017-12-27 01:26:20.860 [main] DEBUG net.tanpeng.tanpen.config.listener.ApplicationEventListener - 初始化环境变量
2017-12-27 01:26:21.131 [main] INFO  net.tanpeng.tanpen.Application - Starting Application on localhost with PID 34795 (/Users/enterprising/IdeaProjects/tanpen/target/classes started by enterprising in /Users/enterprising/IdeaProjects/tanpen)
2017-12-27 01:26:21.135 [main] DEBUG net.tanpeng.tanpen.Application - Running with Spring Boot v1.4.2.RELEASE, Spring v4.3.4.RELEASE
2017-12-27 01:26:21.135 [main] INFO  net.tanpeng.tanpen.Application - No active profile set, falling back to default profiles: default
2017-12-27 01:26:21.261 [main] DEBUG net.tanpeng.tanpen.config.listener.ApplicationEventListener - 初始化环境变量完成
2017-12-27 01:26:21.278 [background-preinit] DEBUG org.jboss.logging - Logging Provider: org.jboss.logging.Slf4jLoggerProvider found via system property
2017-12-27 01:26:23.976 [main] INFO  org.apache.catalina.core.StandardService - Starting service Tomcat
2017-12-27 01:26:23.977 [main] INFO  org.apache.catalina.core.StandardEngine - Starting Servlet Engine: Apache Tomcat/8.5.6
2017-12-27 01:26:24.074 [localhost-startStop-1] INFO  org.apache.catalina.core.ContainerBase.[Tomcat].[localhost].[/] - Initializing Spring embedded WebApplicationContext
2017-12-27 01:26:25.027 [main] INFO  com.alibaba.druid.pool.DruidDataSource - {dataSource-1} inited
2017-12-27 01:26:29.060 [main] DEBUG net.tanpeng.tanpen.config.listener.ApplicationEventListener - 应用刷新
2017-12-27 01:26:29.085 [main] INFO  org.apache.coyote.http11.Http11NioProtocol - Initializing ProtocolHandler ["http-nio-8081"]
2017-12-27 01:26:29.108 [main] INFO  org.apache.coyote.http11.Http11NioProtocol - Starting ProtocolHandler [http-nio-8081]
2017-12-27 01:26:29.137 [main] INFO  org.apache.tomcat.util.net.NioSelectorPool - Using a shared selector for servlet write/read
2017-12-27 01:26:29.171 [main] DEBUG net.tanpeng.tanpen.config.listener.ApplicationEventListener - 应用已启动完成
2017-12-27 01:26:29.173 [main] INFO  net.tanpeng.tanpen.Application - Started Application in 8.912 seconds (JVM running for 10.84)
2017-12-27 01:26:29.174 [main] DEBUG net.tanpeng.tanpen.Application - start success
2017-12-27 01:26:33.222 [http-nio-8081-exec-1] INFO  org.apache.catalina.core.ContainerBase.[Tomcat].[localhost].[/] - Initializing Spring FrameworkServlet 'dispatcherServlet'
2017-12-27 01:26:33.428 [http-nio-8081-exec-1] DEBUG org.hibernate.SQL - select link0_.id as id1_0_, link0_.create_time as create_t2_0_, link0_.description as descript3_0_, link0_.name as name4_0_, link0_.update_time as update_t5_0_, link0_.url as url6_0_ from link link0_
2017-12-27 01:27:22.008 [Thread-20] DEBUG net.tanpeng.tanpen.config.listener.ApplicationEventListener - 应用关闭
2017-12-27 01:27:22.017 [Thread-20] INFO  com.alibaba.druid.pool.DruidDataSource - {dataSource-1} closed
2017-12-27 01:27:37.964 [main] DEBUG net.tanpeng.tanpen.config.listener.ApplicationEventListener - 初始化环境变量
2017-12-27 01:27:38.190 [main] INFO  net.tanpeng.tanpen.Application - Starting Application on localhost with PID 34862 (/Users/enterprising/IdeaProjects/tanpen/target/classes started by enterprising in /Users/enterprising/IdeaProjects/tanpen)
2017-12-27 01:27:38.191 [main] DEBUG net.tanpeng.tanpen.Application - Running with Spring Boot v1.4.2.RELEASE, Spring v4.3.4.RELEASE
2017-12-27 01:27:38.191 [main] INFO  net.tanpeng.tanpen.Application - No active profile set, falling back to default profiles: default
2017-12-27 01:27:38.310 [background-preinit] DEBUG org.jboss.logging - Logging Provider: org.jboss.logging.Slf4jLoggerProvider found via system property
2017-12-27 01:27:38.314 [main] DEBUG net.tanpeng.tanpen.config.listener.ApplicationEventListener - 初始化环境变量完成
2017-12-27 01:27:42.803 [main] DEBUG net.tanpeng.tanpen.config.listener.ApplicationEventListener - 初始化环境变量
2017-12-27 01:27:43.046 [main] INFO  net.tanpeng.tanpen.Application - Starting Application on localhost with PID 34865 (/Users/enterprising/IdeaProjects/tanpen/target/classes started by enterprising in /Users/enterprising/IdeaProjects/tanpen)
2017-12-27 01:27:43.046 [main] DEBUG net.tanpeng.tanpen.Application - Running with Spring Boot v1.4.2.RELEASE, Spring v4.3.4.RELEASE
2017-12-27 01:27:43.047 [main] INFO  net.tanpeng.tanpen.Application - No active profile set, falling back to default profiles: default
2017-12-27 01:27:43.189 [main] DEBUG net.tanpeng.tanpen.config.listener.ApplicationEventListener - 初始化环境变量完成
2017-12-27 01:27:43.362 [background-preinit] DEBUG org.jboss.logging - Logging Provider: org.jboss.logging.Slf4jLoggerProvider found via system property
2017-12-27 01:27:45.543 [main] INFO  org.apache.catalina.core.StandardService - Starting service Tomcat
2017-12-27 01:27:45.544 [main] INFO  org.apache.catalina.core.StandardEngine - Starting Servlet Engine: Apache Tomcat/8.5.6
2017-12-27 01:27:45.613 [localhost-startStop-1] INFO  org.apache.catalina.core.ContainerBase.[Tomcat].[localhost].[/] - Initializing Spring embedded WebApplicationContext
2017-12-27 01:27:46.089 [main] INFO  com.alibaba.druid.pool.DruidDataSource - {dataSource-1} inited
2017-12-27 01:27:46.827 [main] DEBUG org.hibernate.SQL - drop table if exists link
2017-12-27 01:27:46.844 [main] DEBUG org.hibernate.SQL - create table link (id integer not null auto_increment, create_time datetime, description varchar(255), name varchar(255), update_time datetime, url varchar(255), primary key (id))
2017-12-27 01:27:48.191 [main] DEBUG net.tanpeng.tanpen.config.listener.ApplicationEventListener - 应用刷新
2017-12-27 01:27:48.200 [main] INFO  org.apache.coyote.http11.Http11NioProtocol - Initializing ProtocolHandler ["http-nio-8081"]
2017-12-27 01:27:48.211 [main] INFO  org.apache.coyote.http11.Http11NioProtocol - Starting ProtocolHandler [http-nio-8081]
2017-12-27 01:27:48.231 [main] INFO  org.apache.tomcat.util.net.NioSelectorPool - Using a shared selector for servlet write/read
2017-12-27 01:27:48.246 [main] DEBUG net.tanpeng.tanpen.config.listener.ApplicationEventListener - 应用已启动完成
2017-12-27 01:27:48.247 [main] INFO  net.tanpeng.tanpen.Application - Started Application in 5.727 seconds (JVM running for 7.735)
2017-12-27 01:27:48.248 [main] DEBUG net.tanpeng.tanpen.Application - start success
2017-12-27 01:27:53.865 [http-nio-8081-exec-1] INFO  org.apache.catalina.core.ContainerBase.[Tomcat].[localhost].[/] - Initializing Spring FrameworkServlet 'dispatcherServlet'
2017-12-27 01:27:54.018 [http-nio-8081-exec-1] DEBUG org.hibernate.SQL - select link0_.id as id1_0_, link0_.create_time as create_t2_0_, link0_.description as descript3_0_, link0_.name as name4_0_, link0_.update_time as update_t5_0_, link0_.url as url6_0_ from link link0_
